--------------- Build Started: 12/09/2024 00:28:10 Project: BLE_HID_Keyboard01, Configuration: ARM GCC 5.4-2016-q2-update Debug ---------------
cydsfit.exe -.appdatapath "C:\Users\Xavier\AppData\Local\Cypress Semiconductor\PSoC Creator\4.4" -.fdsnotice -.fdswarpdepfile=warp_dependencies.txt -.fdselabdepfile=elab_dependencies.txt -.fdsbldfile=generated_files.txt -.fdsreffile=referenced_files.txt -p D:\Documents\GitHub\XID_483\Workspace\BLE_HID_Keyboard01.cydsn\BLE_HID_Keyboard01.cyprj -d CY8C4247LQI-BL483 -s D:\Documents\GitHub\XID_483\Workspace\BLE_HID_Keyboard01.cydsn\Generated_Source\PSoC4 -- -yv2 -q10 -ygs -o2 -v3 -.fftcfgtype=LE
Elaborating Design...
HDL Generation...
Synthesis...
Tech Mapping...
Analog Placement...
Analog Routing...
Analog Code Generation...
Digital Placement...
Digital Routing...
Bitstream Generation...
Bitstream Verification...
Static timing analysis...
API Generation...
Dependency Generation...
Cleanup...
arm-none-eabi-gcc.exe -mcpu=cortex-m0 -mthumb -I. -IGenerated_Source\PSoC4 -Wa,-alh=.\CortexM0\ARM_GCC_541\Debug/cyfitter_cfg.lst -g -D DEBUG -Wall -ffunction-sections -ffat-lto-objects -O0 -c Generated_Source\PSoC4\cyfitter_cfg.c -o .\CortexM0\ARM_GCC_541\Debug\cyfitter_cfg.o
arm-none-eabi-ar.exe -rs .\CortexM0\ARM_GCC_541\Debug\BLE_HID_Keyboard01.a .\CortexM0\ARM_GCC_541\Debug\BLE_bas.o .\CortexM0\ARM_GCC_541\Debug\BLE.o .\CortexM0\ARM_GCC_541\Debug\BLE_gatt.o .\CortexM0\ARM_GCC_541\Debug\BLE_eventHandler.o .\CortexM0\ARM_GCC_541\Debug\BLE_hids.o .\CortexM0\ARM_GCC_541\Debug\BLE_HAL_INT.o .\CortexM0\ARM_GCC_541\Debug\BLE_HAL_PVT.o .\CortexM0\ARM_GCC_541\Debug\BLE_scps.o .\CortexM0\ARM_GCC_541\Debug\BLE_dis.o .\CortexM0\ARM_GCC_541\Debug\Advertising_LED.o .\CortexM0\ARM_GCC_541\Debug\Advertising_LED_PM.o .\CortexM0\ARM_GCC_541\Debug\CapsLock_LED.o .\CortexM0\ARM_GCC_541\Debug\CapsLock_LED_PM.o .\CortexM0\ARM_GCC_541\Debug\Disconnect_LED.o .\CortexM0\ARM_GCC_541\Debug\Disconnect_LED_PM.o .\CortexM0\ARM_GCC_541\Debug\SW2.o .\CortexM0\ARM_GCC_541\Debug\SW2_PM.o .\CortexM0\ARM_GCC_541\Debug\Wakeup_Interrupt.o .\CortexM0\ARM_GCC_541\Debug\BLE_bless_isr.o .\CortexM0\ARM_GCC_541\Debug\CyFlash.o .\CortexM0\ARM_GCC_541\Debug\CyLib.o .\CortexM0\ARM_GCC_541\Debug\cyPm.o .\CortexM0\ARM_GCC_541\Debug\cyutils.o .\CortexM0\ARM_GCC_541\Debug\CyLFClk.o .\CortexM0\ARM_GCC_541\Debug\cy_em_eeprom.o .\CortexM0\ARM_GCC_541\Debug\Columns.o .\CortexM0\ARM_GCC_541\Debug\Columns_PM.o .\CortexM0\ARM_GCC_541\Debug\Rows.o .\CortexM0\ARM_GCC_541\Debug\Rows_PM.o .\CortexM0\ARM_GCC_541\Debug\SPIM_1.o .\CortexM0\ARM_GCC_541\Debug\SPIM_1_PM.o .\CortexM0\ARM_GCC_541\Debug\SPIM_1_INT.o .\CortexM0\ARM_GCC_541\Debug\SPIM_1_IntClock.o .\CortexM0\ARM_GCC_541\Debug\CP_MISO.o .\CortexM0\ARM_GCC_541\Debug\CP_MISO_PM.o .\CortexM0\ARM_GCC_541\Debug\DP_CLR.o .\CortexM0\ARM_GCC_541\Debug\DP_CLR_PM.o .\CortexM0\ARM_GCC_541\Debug\DP_DAT.o .\CortexM0\ARM_GCC_541\Debug\DP_DAT_PM.o .\CortexM0\ARM_GCC_541\Debug\DP_CLK.o .\CortexM0\ARM_GCC_541\Debug\DP_CLK_PM.o .\CortexM0\ARM_GCC_541\Debug\CyBootAsmGnu.o
arm-none-eabi-ar.exe: creating .\CortexM0\ARM_GCC_541\Debug\BLE_HID_Keyboard01.a
arm-none-eabi-gcc.exe -Wl,--start-group -o D:\Documents\GitHub\XID_483\Workspace\BLE_HID_Keyboard01.cydsn\CortexM0\ARM_GCC_541\Debug\BLE_HID_Keyboard01.elf .\CortexM0\ARM_GCC_541\Debug\main.o .\CortexM0\ARM_GCC_541\Debug\bas.o .\CortexM0\ARM_GCC_541\Debug\debug.o .\CortexM0\ARM_GCC_541\Debug\hids.o .\CortexM0\ARM_GCC_541\Debug\scps.o .\CortexM0\ARM_GCC_541\Debug\cyfitter_cfg.o .\CortexM0\ARM_GCC_541\Debug\cymetadata.o .\CortexM0\ARM_GCC_541\Debug\Cm0Start.o .\CortexM0\ARM_GCC_541\Debug\BLE_HID_Keyboard01.a "C:\Program Files (x86)\Cypress\PSoC Creator\4.4\PSoC Creator\psoc\content\CyComponentLibrary\CyComponentLibrary.cylib\BLE_v3_30\Library\gccCyBLEStack_BLE_SOC_PERIPHERAL.a" -mcpu=cortex-m0 -mthumb -L Generated_Source\PSoC4 -Wl,-Map,.\CortexM0\ARM_GCC_541\Debug/BLE_HID_Keyboard01.map -T Generated_Source\PSoC4\cm0gcc.ld -specs=nano.specs -Wl,--gc-sections -g -ffunction-sections -O0 -ffat-lto-objects -Wl,--end-group
cyelftool.exe -C D:\Documents\GitHub\XID_483\Workspace\BLE_HID_Keyboard01.cydsn\CortexM0\ARM_GCC_541\Debug\BLE_HID_Keyboard01.elf --flash_row_size 128 --flash_size 131072 --flash_offset 0x00000000
No ELF section .cychecksum found, creating one
Application checksum calculated and stored in ELF section .cychecksum
Checksum calculated and stored in ELF section .cymeta
cyelftool.exe -S D:\Documents\GitHub\XID_483\Workspace\BLE_HID_Keyboard01.cydsn\CortexM0\ARM_GCC_541\Debug\BLE_HID_Keyboard01.elf
Flash used: 4947 of 131072 bytes (3.8%).
SRAM used: 6352 of 16384 bytes (38.8%). Stack: 2048 bytes. Heap: 1024 bytes.
--------------- Build Succeeded: 12/09/2024 00:28:17 ---------------
