ARM GAS  C:\Users\Xavier\AppData\Local\Temp\ccrntlDP.s 			page 1


   1              		.syntax unified
   2              		.cpu cortex-m0
   3              		.fpu softvfp
   4              		.eabi_attribute 20, 1
   5              		.eabi_attribute 21, 1
   6              		.eabi_attribute 23, 3
   7              		.eabi_attribute 24, 1
   8              		.eabi_attribute 25, 1
   9              		.eabi_attribute 26, 1
  10              		.eabi_attribute 30, 6
  11              		.eabi_attribute 34, 0
  12              		.eabi_attribute 18, 4
  13              		.thumb
  14              		.syntax unified
  15              		.file	"debug.c"
  16              		.text
  17              	.Ltext0:
  18              		.cfi_sections	.debug_frame
  19              		.comm	capsL,1,1
  20              		.comm	NumL,1,1
  21              		.comm	scrL,1,1
  22              		.comm	Ent,1,1
  23              		.comm	Pair,1,1
  24              		.comm	Batt,1,1
  25              		.comm	dispb,1,1
  26              		.section	.text.ShowValue,"ax",%progbits
  27              		.align	2
  28              		.global	ShowValue
  29              		.code	16
  30              		.thumb_func
  31              		.type	ShowValue, %function
  32              	ShowValue:
  33              	.LFB36:
  34              		.file 1 "debug.c"
   1:debug.c       **** /*******************************************************************************
   2:debug.c       **** * File Name: debug.c
   3:debug.c       **** *
   4:debug.c       **** * Version: 1.0
   5:debug.c       **** *
   6:debug.c       **** * Description:
   7:debug.c       **** *  This file contains functions for printf functionality.
   8:debug.c       **** *
   9:debug.c       **** * Hardware Dependency:
  10:debug.c       **** *  CY8CKIT-042 BLE
  11:debug.c       **** * 
  12:debug.c       **** ********************************************************************************
  13:debug.c       **** * Copyright 2016, Cypress Semiconductor Corporation.  All rights reserved.
  14:debug.c       **** * You may use this file only in accordance with the license, terms, conditions,
  15:debug.c       **** * disclaimers, and limitations in the end user license agreement accompanying
  16:debug.c       **** * the software package with which this file was provided.
  17:debug.c       **** *******************************************************************************/
  18:debug.c       **** 
  19:debug.c       **** #include "common.h"
  20:debug.c       **** 
  21:debug.c       **** #if (DEBUG_UART_ENABLED == ENABLED)
  22:debug.c       **** 
  23:debug.c       **** #if defined(__ARMCC_VERSION)
ARM GAS  C:\Users\Xavier\AppData\Local\Temp\ccrntlDP.s 			page 2


  24:debug.c       ****     
  25:debug.c       **** /* For MDK/RVDS compiler revise fputc function for printf functionality */
  26:debug.c       **** struct __FILE 
  27:debug.c       **** {
  28:debug.c       ****     int handle;  
  29:debug.c       **** };
  30:debug.c       **** 
  31:debug.c       **** enum 
  32:debug.c       **** {
  33:debug.c       ****     STDIN_HANDLE,
  34:debug.c       ****     STDOUT_HANDLE,
  35:debug.c       ****     STDERR_HANDLE
  36:debug.c       **** };
  37:debug.c       **** 
  38:debug.c       **** FILE __stdin = {STDIN_HANDLE};
  39:debug.c       **** FILE __stdout = {STDOUT_HANDLE};
  40:debug.c       **** FILE __stderr = {STDERR_HANDLE};
  41:debug.c       **** 
  42:debug.c       **** int fputc(int ch, FILE *file) 
  43:debug.c       **** {
  44:debug.c       ****     int ret = EOF;
  45:debug.c       **** 
  46:debug.c       ****     switch( file->handle )
  47:debug.c       ****     {
  48:debug.c       ****         case STDOUT_HANDLE:
  49:debug.c       ****             UART_DEB_UartPutChar(ch);
  50:debug.c       ****             ret = ch ;
  51:debug.c       ****             break ;
  52:debug.c       **** 
  53:debug.c       ****         case STDERR_HANDLE:
  54:debug.c       ****             ret = ch ;
  55:debug.c       ****             break ;
  56:debug.c       **** 
  57:debug.c       ****         default:
  58:debug.c       ****             file = file;
  59:debug.c       ****             break ;
  60:debug.c       ****     }
  61:debug.c       ****     return ret ;
  62:debug.c       **** }
  63:debug.c       **** 
  64:debug.c       **** #elif defined (__ICCARM__)      /* IAR */
  65:debug.c       **** 
  66:debug.c       **** /* For IAR compiler revise __write() function for printf functionality */
  67:debug.c       **** size_t __write(int handle, const unsigned char * buffer, size_t size)
  68:debug.c       **** {
  69:debug.c       ****     size_t nChars = 0;
  70:debug.c       **** 
  71:debug.c       ****     if (buffer == 0)
  72:debug.c       ****     {
  73:debug.c       ****         /*
  74:debug.c       ****          * This means that we should flush internal buffers.  Since we
  75:debug.c       ****          * don't we just return.  (Remember, "handle" == -1 means that all
  76:debug.c       ****          * handles should be flushed.)
  77:debug.c       ****          */
  78:debug.c       ****         return (0);
  79:debug.c       ****     }
  80:debug.c       **** 
ARM GAS  C:\Users\Xavier\AppData\Local\Temp\ccrntlDP.s 			page 3


  81:debug.c       ****     for (/* Empty */; size != 0; --size)
  82:debug.c       ****     {
  83:debug.c       ****         UART_DEB_UartPutChar(*buffer++);
  84:debug.c       ****         ++nChars;
  85:debug.c       ****     }
  86:debug.c       **** 
  87:debug.c       ****     return (nChars);
  88:debug.c       **** }
  89:debug.c       **** 
  90:debug.c       **** #else  /* (__GNUC__)  GCC */
  91:debug.c       **** 
  92:debug.c       **** /* For GCC compiler revise _write() function for printf functionality */
  93:debug.c       **** int _write(int file, char *ptr, int len)
  94:debug.c       **** {
  95:debug.c       ****     int i;
  96:debug.c       ****     file = file;
  97:debug.c       ****     for (i = 0; i < len; i++)
  98:debug.c       ****     {
  99:debug.c       ****         UART_DEB_UartPutChar(*ptr++);
 100:debug.c       ****     }
 101:debug.c       ****     return len;
 102:debug.c       **** }
 103:debug.c       **** 
 104:debug.c       **** 
 105:debug.c       **** #endif  /* (__ARMCC_VERSION) */   
 106:debug.c       **** 
 107:debug.c       **** #endif /* DEBUG_UART_ENABLED == ENABLED */
 108:debug.c       **** 
 109:debug.c       **** void ShowValue(CYBLE_GATT_VALUE_T *value)
 110:debug.c       **** {
  35              		.loc 1 110 0
  36              		.cfi_startproc
  37              		@ args = 0, pretend = 0, frame = 16
  38              		@ frame_needed = 1, uses_anonymous_args = 0
  39 0000 80B5     		push	{r7, lr}
  40              		.cfi_def_cfa_offset 8
  41              		.cfi_offset 7, -8
  42              		.cfi_offset 14, -4
  43 0002 84B0     		sub	sp, sp, #16
  44              		.cfi_def_cfa_offset 24
  45 0004 00AF     		add	r7, sp, #0
  46              		.cfi_def_cfa_register 7
  47 0006 7860     		str	r0, [r7, #4]
 111:debug.c       ****     int16 i;
 112:debug.c       ****     
 113:debug.c       ****     for(i = 0; i < value->len; i++)
  48              		.loc 1 113 0
  49 0008 0E23     		movs	r3, #14
  50 000a FB18     		adds	r3, r7, r3
  51 000c 0022     		movs	r2, #0
  52 000e 1A80     		strh	r2, [r3]
  53 0010 09E0     		b	.L2
  54              	.L3:
  55              		.loc 1 113 0 is_stmt 0 discriminator 3
  56 0012 0E23     		movs	r3, #14
  57 0014 FB18     		adds	r3, r7, r3
  58 0016 0022     		movs	r2, #0
ARM GAS  C:\Users\Xavier\AppData\Local\Temp\ccrntlDP.s 			page 4


  59 0018 9B5E     		ldrsh	r3, [r3, r2]
  60 001a 9BB2     		uxth	r3, r3
  61 001c 0133     		adds	r3, r3, #1
  62 001e 9AB2     		uxth	r2, r3
  63 0020 0E23     		movs	r3, #14
  64 0022 FB18     		adds	r3, r7, r3
  65 0024 1A80     		strh	r2, [r3]
  66              	.L2:
  67              		.loc 1 113 0 discriminator 1
  68 0026 0E23     		movs	r3, #14
  69 0028 FB18     		adds	r3, r7, r3
  70 002a 0022     		movs	r2, #0
  71 002c 9B5E     		ldrsh	r3, [r3, r2]
  72 002e 7A68     		ldr	r2, [r7, #4]
  73 0030 9288     		ldrh	r2, [r2, #4]
  74 0032 9342     		cmp	r3, r2
  75 0034 EDDB     		blt	.L3
 114:debug.c       ****     {
 115:debug.c       ****         DBG_PRINTF("%2.2x ", value->val[i]);
 116:debug.c       ****     }
 117:debug.c       ****     DBG_PRINTF("\r\n");
 118:debug.c       **** }
  76              		.loc 1 118 0 is_stmt 1
  77 0036 C046     		nop
  78 0038 BD46     		mov	sp, r7
  79 003a 04B0     		add	sp, sp, #16
  80              		@ sp needed
  81 003c 80BD     		pop	{r7, pc}
  82              		.cfi_endproc
  83              	.LFE36:
  84              		.size	ShowValue, .-ShowValue
  85 003e C046     		.section	.text.Set32ByPtr,"ax",%progbits
  86              		.align	2
  87              		.global	Set32ByPtr
  88              		.code	16
  89              		.thumb_func
  90              		.type	Set32ByPtr, %function
  91              	Set32ByPtr:
  92              	.LFB37:
 119:debug.c       **** 
 120:debug.c       **** 
 121:debug.c       **** void Set32ByPtr(uint8 ptr[], uint32 value)
 122:debug.c       **** {
  93              		.loc 1 122 0
  94              		.cfi_startproc
  95              		@ args = 0, pretend = 0, frame = 8
  96              		@ frame_needed = 1, uses_anonymous_args = 0
  97 0000 80B5     		push	{r7, lr}
  98              		.cfi_def_cfa_offset 8
  99              		.cfi_offset 7, -8
 100              		.cfi_offset 14, -4
 101 0002 82B0     		sub	sp, sp, #8
 102              		.cfi_def_cfa_offset 16
 103 0004 00AF     		add	r7, sp, #0
 104              		.cfi_def_cfa_register 7
 105 0006 7860     		str	r0, [r7, #4]
 106 0008 3960     		str	r1, [r7]
ARM GAS  C:\Users\Xavier\AppData\Local\Temp\ccrntlDP.s 			page 5


 123:debug.c       ****     ptr[0u] = (uint8) value;
 107              		.loc 1 123 0
 108 000a 3B68     		ldr	r3, [r7]
 109 000c DAB2     		uxtb	r2, r3
 110 000e 7B68     		ldr	r3, [r7, #4]
 111 0010 1A70     		strb	r2, [r3]
 124:debug.c       ****     ptr[1u] = (uint8) (value >> 8u);    
 112              		.loc 1 124 0
 113 0012 7B68     		ldr	r3, [r7, #4]
 114 0014 0133     		adds	r3, r3, #1
 115 0016 3A68     		ldr	r2, [r7]
 116 0018 120A     		lsrs	r2, r2, #8
 117 001a D2B2     		uxtb	r2, r2
 118 001c 1A70     		strb	r2, [r3]
 125:debug.c       ****     ptr[2u] = (uint8) (value >> 16u);    
 119              		.loc 1 125 0
 120 001e 7B68     		ldr	r3, [r7, #4]
 121 0020 0233     		adds	r3, r3, #2
 122 0022 3A68     		ldr	r2, [r7]
 123 0024 120C     		lsrs	r2, r2, #16
 124 0026 D2B2     		uxtb	r2, r2
 125 0028 1A70     		strb	r2, [r3]
 126:debug.c       ****     ptr[3u] = (uint8) (value >> 24u);
 126              		.loc 1 126 0
 127 002a 7B68     		ldr	r3, [r7, #4]
 128 002c 0333     		adds	r3, r3, #3
 129 002e 3A68     		ldr	r2, [r7]
 130 0030 120E     		lsrs	r2, r2, #24
 131 0032 D2B2     		uxtb	r2, r2
 132 0034 1A70     		strb	r2, [r3]
 127:debug.c       **** }
 133              		.loc 1 127 0
 134 0036 C046     		nop
 135 0038 BD46     		mov	sp, r7
 136 003a 02B0     		add	sp, sp, #8
 137              		@ sp needed
 138 003c 80BD     		pop	{r7, pc}
 139              		.cfi_endproc
 140              	.LFE37:
 141              		.size	Set32ByPtr, .-Set32ByPtr
 142 003e C046     		.section	.text.ShowError,"ax",%progbits
 143              		.align	2
 144              		.global	ShowError
 145              		.code	16
 146              		.thumb_func
 147              		.type	ShowError, %function
 148              	ShowError:
 149              	.LFB38:
 128:debug.c       **** 
 129:debug.c       **** 
 130:debug.c       **** /*******************************************************************************
 131:debug.c       **** * Function Name: ShowError()
 132:debug.c       **** ********************************************************************************
 133:debug.c       **** *
 134:debug.c       **** * Summary:
 135:debug.c       **** *   Shows error condition: Turn On all leds - white colour will indicate error.
 136:debug.c       **** *
ARM GAS  C:\Users\Xavier\AppData\Local\Temp\ccrntlDP.s 			page 6


 137:debug.c       **** *******************************************************************************/
 138:debug.c       **** void ShowError(void)
 139:debug.c       **** {
 150              		.loc 1 139 0
 151              		.cfi_startproc
 152              		@ args = 0, pretend = 0, frame = 0
 153              		@ frame_needed = 1, uses_anonymous_args = 0
 154 0000 80B5     		push	{r7, lr}
 155              		.cfi_def_cfa_offset 8
 156              		.cfi_offset 7, -8
 157              		.cfi_offset 14, -4
 158 0002 00AF     		add	r7, sp, #0
 159              		.cfi_def_cfa_register 7
 140:debug.c       ****     Disconnect_LED_Write(LED_ON);
 160              		.loc 1 140 0
 161 0004 0020     		movs	r0, #0
 162 0006 FFF7FEFF 		bl	Disconnect_LED_Write
 141:debug.c       ****     Advertising_LED_Write(LED_ON);
 163              		.loc 1 141 0
 164 000a 0020     		movs	r0, #0
 165 000c FFF7FEFF 		bl	Advertising_LED_Write
 142:debug.c       ****     CapsLock_LED_Write(LED_ON);
 166              		.loc 1 142 0
 167 0010 0020     		movs	r0, #0
 168 0012 FFF7FEFF 		bl	CapsLock_LED_Write
 143:debug.c       ****     /* Halt CPU in Debug mode */
 144:debug.c       ****     CYASSERT(0u != 0u);
 169              		.loc 1 144 0
 170 0016 0020     		movs	r0, #0
 171 0018 FFF7FEFF 		bl	CyHalt
 145:debug.c       **** }
 172              		.loc 1 145 0
 173 001c C046     		nop
 174 001e BD46     		mov	sp, r7
 175              		@ sp needed
 176 0020 80BD     		pop	{r7, pc}
 177              		.cfi_endproc
 178              	.LFE38:
 179              		.size	ShowError, .-ShowError
 180 0022 C046     		.text
 181              	.Letext0:
 182              		.file 2 "Generated_Source\\PSoC4/cytypes.h"
 183              		.file 3 "Generated_Source\\PSoC4/BLE_StackGatt.h"
 184              		.file 4 "Generated_Source\\PSoC4/BLE_Stack.h"
 185              		.file 5 "Generated_Source\\PSoC4/BLE_dis.h"
 186              		.file 6 "common.h"
 187              		.section	.debug_info,"",%progbits
 188              	.Ldebug_info0:
 189 0000 08040000 		.4byte	0x408
 190 0004 0400     		.2byte	0x4
 191 0006 00000000 		.4byte	.Ldebug_abbrev0
 192 000a 04       		.byte	0x4
 193 000b 01       		.uleb128 0x1
 194 000c 64040000 		.4byte	.LASF113
 195 0010 0C       		.byte	0xc
 196 0011 B2050000 		.4byte	.LASF114
 197 0015 89020000 		.4byte	.LASF115
ARM GAS  C:\Users\Xavier\AppData\Local\Temp\ccrntlDP.s 			page 7


 198 0019 00000000 		.4byte	.Ldebug_ranges0+0
 199 001d 00000000 		.4byte	0
 200 0021 00000000 		.4byte	.Ldebug_line0
 201 0025 02       		.uleb128 0x2
 202 0026 01       		.byte	0x1
 203 0027 06       		.byte	0x6
 204 0028 BA050000 		.4byte	.LASF0
 205 002c 02       		.uleb128 0x2
 206 002d 01       		.byte	0x1
 207 002e 08       		.byte	0x8
 208 002f 66050000 		.4byte	.LASF1
 209 0033 02       		.uleb128 0x2
 210 0034 02       		.byte	0x2
 211 0035 05       		.byte	0x5
 212 0036 95000000 		.4byte	.LASF2
 213 003a 02       		.uleb128 0x2
 214 003b 02       		.byte	0x2
 215 003c 07       		.byte	0x7
 216 003d BD070000 		.4byte	.LASF3
 217 0041 02       		.uleb128 0x2
 218 0042 04       		.byte	0x4
 219 0043 05       		.byte	0x5
 220 0044 95030000 		.4byte	.LASF4
 221 0048 02       		.uleb128 0x2
 222 0049 04       		.byte	0x4
 223 004a 07       		.byte	0x7
 224 004b 56060000 		.4byte	.LASF5
 225 004f 02       		.uleb128 0x2
 226 0050 08       		.byte	0x8
 227 0051 05       		.byte	0x5
 228 0052 19010000 		.4byte	.LASF6
 229 0056 02       		.uleb128 0x2
 230 0057 08       		.byte	0x8
 231 0058 07       		.byte	0x7
 232 0059 58030000 		.4byte	.LASF7
 233 005d 03       		.uleb128 0x3
 234 005e 04       		.byte	0x4
 235 005f 05       		.byte	0x5
 236 0060 696E7400 		.ascii	"int\000"
 237 0064 02       		.uleb128 0x2
 238 0065 04       		.byte	0x4
 239 0066 07       		.byte	0x7
 240 0067 23060000 		.4byte	.LASF8
 241 006b 04       		.uleb128 0x4
 242 006c D6070000 		.4byte	.LASF9
 243 0070 02       		.byte	0x2
 244 0071 D201     		.2byte	0x1d2
 245 0073 2C000000 		.4byte	0x2c
 246 0077 04       		.uleb128 0x4
 247 0078 F8010000 		.4byte	.LASF10
 248 007c 02       		.byte	0x2
 249 007d D301     		.2byte	0x1d3
 250 007f 3A000000 		.4byte	0x3a
 251 0083 04       		.uleb128 0x4
 252 0084 37080000 		.4byte	.LASF11
 253 0088 02       		.byte	0x2
 254 0089 D401     		.2byte	0x1d4
ARM GAS  C:\Users\Xavier\AppData\Local\Temp\ccrntlDP.s 			page 8


 255 008b 48000000 		.4byte	0x48
 256 008f 04       		.uleb128 0x4
 257 0090 6F030000 		.4byte	.LASF12
 258 0094 02       		.byte	0x2
 259 0095 D501     		.2byte	0x1d5
 260 0097 25000000 		.4byte	0x25
 261 009b 04       		.uleb128 0x4
 262 009c FF010000 		.4byte	.LASF13
 263 00a0 02       		.byte	0x2
 264 00a1 D601     		.2byte	0x1d6
 265 00a3 33000000 		.4byte	0x33
 266 00a7 02       		.uleb128 0x2
 267 00a8 04       		.byte	0x4
 268 00a9 04       		.byte	0x4
 269 00aa EF020000 		.4byte	.LASF14
 270 00ae 02       		.uleb128 0x2
 271 00af 08       		.byte	0x8
 272 00b0 04       		.byte	0x4
 273 00b1 84080000 		.4byte	.LASF15
 274 00b5 02       		.uleb128 0x2
 275 00b6 01       		.byte	0x1
 276 00b7 08       		.byte	0x8
 277 00b8 84070000 		.4byte	.LASF16
 278 00bc 02       		.uleb128 0x2
 279 00bd 08       		.byte	0x8
 280 00be 04       		.byte	0x4
 281 00bf 34050000 		.4byte	.LASF17
 282 00c3 02       		.uleb128 0x2
 283 00c4 04       		.byte	0x4
 284 00c5 07       		.byte	0x7
 285 00c6 D7000000 		.4byte	.LASF18
 286 00ca 05       		.uleb128 0x5
 287 00cb 01       		.byte	0x1
 288 00cc 2C000000 		.4byte	0x2c
 289 00d0 04       		.byte	0x4
 290 00d1 4D01     		.2byte	0x14d
 291 00d3 88020000 		.4byte	0x288
 292 00d7 06       		.uleb128 0x6
 293 00d8 54020000 		.4byte	.LASF19
 294 00dc 00       		.byte	0
 295 00dd 06       		.uleb128 0x6
 296 00de 92010000 		.4byte	.LASF20
 297 00e2 01       		.byte	0x1
 298 00e3 06       		.uleb128 0x6
 299 00e4 210A0000 		.4byte	.LASF21
 300 00e8 02       		.byte	0x2
 301 00e9 06       		.uleb128 0x6
 302 00ea 06090000 		.4byte	.LASF22
 303 00ee 03       		.byte	0x3
 304 00ef 06       		.uleb128 0x6
 305 00f0 5C010000 		.4byte	.LASF23
 306 00f4 04       		.byte	0x4
 307 00f5 06       		.uleb128 0x6
 308 00f6 EA080000 		.4byte	.LASF24
 309 00fa 05       		.byte	0x5
 310 00fb 06       		.uleb128 0x6
 311 00fc 3E000000 		.4byte	.LASF25
ARM GAS  C:\Users\Xavier\AppData\Local\Temp\ccrntlDP.s 			page 9


 312 0100 06       		.byte	0x6
 313 0101 06       		.uleb128 0x6
 314 0102 64090000 		.4byte	.LASF26
 315 0106 20       		.byte	0x20
 316 0107 06       		.uleb128 0x6
 317 0108 68060000 		.4byte	.LASF27
 318 010c 21       		.byte	0x21
 319 010d 06       		.uleb128 0x6
 320 010e 00000000 		.4byte	.LASF28
 321 0112 22       		.byte	0x22
 322 0113 06       		.uleb128 0x6
 323 0114 3E040000 		.4byte	.LASF29
 324 0118 23       		.byte	0x23
 325 0119 06       		.uleb128 0x6
 326 011a 07060000 		.4byte	.LASF30
 327 011e 24       		.byte	0x24
 328 011f 06       		.uleb128 0x6
 329 0120 9F000000 		.4byte	.LASF31
 330 0124 25       		.byte	0x25
 331 0125 06       		.uleb128 0x6
 332 0126 DE030000 		.4byte	.LASF32
 333 012a 26       		.byte	0x26
 334 012b 06       		.uleb128 0x6
 335 012c BF030000 		.4byte	.LASF33
 336 0130 27       		.byte	0x27
 337 0131 06       		.uleb128 0x6
 338 0132 170B0000 		.4byte	.LASF34
 339 0136 28       		.byte	0x28
 340 0137 06       		.uleb128 0x6
 341 0138 A0060000 		.4byte	.LASF35
 342 013c 29       		.byte	0x29
 343 013d 06       		.uleb128 0x6
 344 013e 34070000 		.4byte	.LASF36
 345 0142 2A       		.byte	0x2a
 346 0143 06       		.uleb128 0x6
 347 0144 570A0000 		.4byte	.LASF37
 348 0148 2B       		.byte	0x2b
 349 0149 06       		.uleb128 0x6
 350 014a F8060000 		.4byte	.LASF38
 351 014e 2C       		.byte	0x2c
 352 014f 06       		.uleb128 0x6
 353 0150 0E030000 		.4byte	.LASF39
 354 0154 2D       		.byte	0x2d
 355 0155 06       		.uleb128 0x6
 356 0156 71000000 		.4byte	.LASF40
 357 015a 2E       		.byte	0x2e
 358 015b 06       		.uleb128 0x6
 359 015c 830B0000 		.4byte	.LASF41
 360 0160 2F       		.byte	0x2f
 361 0161 06       		.uleb128 0x6
 362 0162 E0000000 		.4byte	.LASF42
 363 0166 30       		.byte	0x30
 364 0167 06       		.uleb128 0x6
 365 0168 10050000 		.4byte	.LASF43
 366 016c 31       		.byte	0x31
 367 016d 06       		.uleb128 0x6
 368 016e 37030000 		.4byte	.LASF44
ARM GAS  C:\Users\Xavier\AppData\Local\Temp\ccrntlDP.s 			page 10


 369 0172 32       		.byte	0x32
 370 0173 06       		.uleb128 0x6
 371 0174 5D070000 		.4byte	.LASF45
 372 0178 33       		.byte	0x33
 373 0179 06       		.uleb128 0x6
 374 017a BD060000 		.4byte	.LASF46
 375 017e 34       		.byte	0x34
 376 017f 06       		.uleb128 0x6
 377 0180 CD080000 		.4byte	.LASF47
 378 0184 35       		.byte	0x35
 379 0185 06       		.uleb128 0x6
 380 0186 74030000 		.4byte	.LASF48
 381 018a 36       		.byte	0x36
 382 018b 06       		.uleb128 0x6
 383 018c A5010000 		.4byte	.LASF49
 384 0190 37       		.byte	0x37
 385 0191 06       		.uleb128 0x6
 386 0192 57000000 		.4byte	.LASF50
 387 0196 40       		.byte	0x40
 388 0197 06       		.uleb128 0x6
 389 0198 3B060000 		.4byte	.LASF51
 390 019c 41       		.byte	0x41
 391 019d 06       		.uleb128 0x6
 392 019e B9000000 		.4byte	.LASF52
 393 01a2 42       		.byte	0x42
 394 01a3 06       		.uleb128 0x6
 395 01a4 DA010000 		.4byte	.LASF53
 396 01a8 43       		.byte	0x43
 397 01a9 06       		.uleb128 0x6
 398 01aa EC090000 		.4byte	.LASF54
 399 01ae 44       		.byte	0x44
 400 01af 06       		.uleb128 0x6
 401 01b0 AE090000 		.4byte	.LASF55
 402 01b4 45       		.byte	0x45
 403 01b5 06       		.uleb128 0x6
 404 01b6 71010000 		.4byte	.LASF56
 405 01ba 46       		.byte	0x46
 406 01bb 06       		.uleb128 0x6
 407 01bc AD0A0000 		.4byte	.LASF57
 408 01c0 47       		.byte	0x47
 409 01c1 06       		.uleb128 0x6
 410 01c2 E0050000 		.4byte	.LASF58
 411 01c6 48       		.byte	0x48
 412 01c7 06       		.uleb128 0x6
 413 01c8 F5020000 		.4byte	.LASF59
 414 01cc 49       		.byte	0x49
 415 01cd 06       		.uleb128 0x6
 416 01ce FA070000 		.4byte	.LASF60
 417 01d2 4A       		.byte	0x4a
 418 01d3 06       		.uleb128 0x6
 419 01d4 0F020000 		.4byte	.LASF61
 420 01d8 4B       		.byte	0x4b
 421 01d9 06       		.uleb128 0x6
 422 01da C6050000 		.4byte	.LASF62
 423 01de 4C       		.byte	0x4c
 424 01df 06       		.uleb128 0x6
 425 01e0 24000000 		.4byte	.LASF63
ARM GAS  C:\Users\Xavier\AppData\Local\Temp\ccrntlDP.s 			page 11


 426 01e4 4D       		.byte	0x4d
 427 01e5 06       		.uleb128 0x6
 428 01e6 3E010000 		.4byte	.LASF64
 429 01ea 4E       		.byte	0x4e
 430 01eb 06       		.uleb128 0x6
 431 01ec 74050000 		.4byte	.LASF65
 432 01f0 4F       		.byte	0x4f
 433 01f1 06       		.uleb128 0x6
 434 01f2 F30A0000 		.4byte	.LASF66
 435 01f6 50       		.byte	0x50
 436 01f7 06       		.uleb128 0x6
 437 01f8 18080000 		.4byte	.LASF67
 438 01fc 51       		.byte	0x51
 439 01fd 06       		.uleb128 0x6
 440 01fe 06040000 		.4byte	.LASF68
 441 0202 52       		.byte	0x52
 442 0203 06       		.uleb128 0x6
 443 0204 9E030000 		.4byte	.LASF69
 444 0208 53       		.byte	0x53
 445 0209 06       		.uleb128 0x6
 446 020a 33020000 		.4byte	.LASF70
 447 020e 54       		.byte	0x54
 448 020f 06       		.uleb128 0x6
 449 0210 390B0000 		.4byte	.LASF71
 450 0214 55       		.byte	0x55
 451 0215 06       		.uleb128 0x6
 452 0216 CB0A0000 		.4byte	.LASF72
 453 021a 56       		.byte	0x56
 454 021b 06       		.uleb128 0x6
 455 021c 840A0000 		.4byte	.LASF73
 456 0220 57       		.byte	0x57
 457 0221 06       		.uleb128 0x6
 458 0222 D5060000 		.4byte	.LASF74
 459 0226 58       		.byte	0x58
 460 0227 06       		.uleb128 0x6
 461 0228 40050000 		.4byte	.LASF75
 462 022c 70       		.byte	0x70
 463 022d 06       		.uleb128 0x6
 464 022e 3E090000 		.4byte	.LASF76
 465 0232 71       		.byte	0x71
 466 0233 06       		.uleb128 0x6
 467 0234 A1070000 		.4byte	.LASF77
 468 0238 72       		.byte	0x72
 469 0239 06       		.uleb128 0x6
 470 023a 6B020000 		.4byte	.LASF78
 471 023e 73       		.byte	0x73
 472 023f 06       		.uleb128 0x6
 473 0240 F2040000 		.4byte	.LASF79
 474 0244 74       		.byte	0x74
 475 0245 06       		.uleb128 0x6
 476 0246 7F060000 		.4byte	.LASF80
 477 024a 75       		.byte	0x75
 478 024b 06       		.uleb128 0x6
 479 024c C8020000 		.4byte	.LASF81
 480 0250 76       		.byte	0x76
 481 0251 06       		.uleb128 0x6
 482 0252 1F090000 		.4byte	.LASF82
ARM GAS  C:\Users\Xavier\AppData\Local\Temp\ccrntlDP.s 			page 12


 483 0256 77       		.byte	0x77
 484 0257 06       		.uleb128 0x6
 485 0258 61080000 		.4byte	.LASF83
 486 025c 78       		.byte	0x78
 487 025d 06       		.uleb128 0x6
 488 025e 95080000 		.4byte	.LASF84
 489 0262 79       		.byte	0x79
 490 0263 06       		.uleb128 0x6
 491 0264 330A0000 		.4byte	.LASF85
 492 0268 7A       		.byte	0x7a
 493 0269 06       		.uleb128 0x6
 494 026a 3E080000 		.4byte	.LASF86
 495 026e FA       		.byte	0xfa
 496 026f 06       		.uleb128 0x6
 497 0270 93050000 		.4byte	.LASF87
 498 0274 FB       		.byte	0xfb
 499 0275 06       		.uleb128 0x6
 500 0276 5D0B0000 		.4byte	.LASF88
 501 027a FC       		.byte	0xfc
 502 027b 06       		.uleb128 0x6
 503 027c 1C070000 		.4byte	.LASF89
 504 0280 FD       		.byte	0xfd
 505 0281 06       		.uleb128 0x6
 506 0282 760A0000 		.4byte	.LASF90
 507 0286 FF       		.byte	0xff
 508 0287 00       		.byte	0
 509 0288 07       		.uleb128 0x7
 510 0289 04       		.byte	0x4
 511 028a 6B000000 		.4byte	0x6b
 512 028e 08       		.uleb128 0x8
 513 028f 08       		.byte	0x8
 514 0290 03       		.byte	0x3
 515 0291 BE01     		.2byte	0x1be
 516 0293 BF020000 		.4byte	0x2bf
 517 0297 09       		.uleb128 0x9
 518 0298 76616C00 		.ascii	"val\000"
 519 029c 03       		.byte	0x3
 520 029d C101     		.2byte	0x1c1
 521 029f 88020000 		.4byte	0x288
 522 02a3 00       		.byte	0
 523 02a4 09       		.uleb128 0x9
 524 02a5 6C656E00 		.ascii	"len\000"
 525 02a9 03       		.byte	0x3
 526 02aa C401     		.2byte	0x1c4
 527 02ac 77000000 		.4byte	0x77
 528 02b0 04       		.byte	0x4
 529 02b1 0A       		.uleb128 0xa
 530 02b2 A4090000 		.4byte	.LASF91
 531 02b6 03       		.byte	0x3
 532 02b7 CB01     		.2byte	0x1cb
 533 02b9 77000000 		.4byte	0x77
 534 02bd 06       		.byte	0x6
 535 02be 00       		.byte	0
 536 02bf 04       		.uleb128 0x4
 537 02c0 89070000 		.4byte	.LASF92
 538 02c4 03       		.byte	0x3
 539 02c5 CD01     		.2byte	0x1cd
ARM GAS  C:\Users\Xavier\AppData\Local\Temp\ccrntlDP.s 			page 13


 540 02c7 8E020000 		.4byte	0x28e
 541 02cb 07       		.uleb128 0x7
 542 02cc 04       		.byte	0x4
 543 02cd BF020000 		.4byte	0x2bf
 544 02d1 0B       		.uleb128 0xb
 545 02d2 01       		.byte	0x1
 546 02d3 2C000000 		.4byte	0x2c
 547 02d7 05       		.byte	0x5
 548 02d8 22       		.byte	0x22
 549 02d9 1A030000 		.4byte	0x31a
 550 02dd 06       		.uleb128 0x6
 551 02de 88090000 		.4byte	.LASF93
 552 02e2 00       		.byte	0
 553 02e3 06       		.uleb128 0x6
 554 02e4 27040000 		.4byte	.LASF94
 555 02e8 01       		.byte	0x1
 556 02e9 06       		.uleb128 0x6
 557 02ea 01010000 		.4byte	.LASF95
 558 02ee 02       		.byte	0x2
 559 02ef 06       		.uleb128 0x6
 560 02f0 0A0A0000 		.4byte	.LASF96
 561 02f4 03       		.byte	0x3
 562 02f5 06       		.uleb128 0x6
 563 02f6 D5090000 		.4byte	.LASF97
 564 02fa 04       		.byte	0x4
 565 02fb 06       		.uleb128 0x6
 566 02fc 27010000 		.4byte	.LASF98
 567 0300 05       		.byte	0x5
 568 0301 06       		.uleb128 0x6
 569 0302 6F0B0000 		.4byte	.LASF99
 570 0306 06       		.byte	0x6
 571 0307 06       		.uleb128 0x6
 572 0308 E2070000 		.4byte	.LASF100
 573 030c 07       		.byte	0x7
 574 030d 06       		.uleb128 0x6
 575 030e AC0B0000 		.4byte	.LASF101
 576 0312 08       		.byte	0x8
 577 0313 06       		.uleb128 0x6
 578 0314 B8080000 		.4byte	.LASF102
 579 0318 09       		.byte	0x9
 580 0319 00       		.byte	0
 581 031a 0C       		.uleb128 0xc
 582 031b 8B080000 		.4byte	.LASF103
 583 031f 01       		.byte	0x1
 584 0320 6D       		.byte	0x6d
 585 0321 00000000 		.4byte	.LFB36
 586 0325 3E000000 		.4byte	.LFE36-.LFB36
 587 0329 01       		.uleb128 0x1
 588 032a 9C       		.byte	0x9c
 589 032b 4A030000 		.4byte	0x34a
 590 032f 0D       		.uleb128 0xd
 591 0330 D0070000 		.4byte	.LASF105
 592 0334 01       		.byte	0x1
 593 0335 6D       		.byte	0x6d
 594 0336 CB020000 		.4byte	0x2cb
 595 033a 02       		.uleb128 0x2
 596 033b 91       		.byte	0x91
ARM GAS  C:\Users\Xavier\AppData\Local\Temp\ccrntlDP.s 			page 14


 597 033c 6C       		.sleb128 -20
 598 033d 0E       		.uleb128 0xe
 599 033e 6900     		.ascii	"i\000"
 600 0340 01       		.byte	0x1
 601 0341 6F       		.byte	0x6f
 602 0342 9B000000 		.4byte	0x9b
 603 0346 02       		.uleb128 0x2
 604 0347 91       		.byte	0x91
 605 0348 76       		.sleb128 -10
 606 0349 00       		.byte	0
 607 034a 0C       		.uleb128 0xc
 608 034b 30060000 		.4byte	.LASF104
 609 034f 01       		.byte	0x1
 610 0350 79       		.byte	0x79
 611 0351 00000000 		.4byte	.LFB37
 612 0355 3E000000 		.4byte	.LFE37-.LFB37
 613 0359 01       		.uleb128 0x1
 614 035a 9C       		.byte	0x9c
 615 035b 7C030000 		.4byte	0x37c
 616 035f 0F       		.uleb128 0xf
 617 0360 70747200 		.ascii	"ptr\000"
 618 0364 01       		.byte	0x1
 619 0365 79       		.byte	0x79
 620 0366 88020000 		.4byte	0x288
 621 036a 02       		.uleb128 0x2
 622 036b 91       		.byte	0x91
 623 036c 74       		.sleb128 -12
 624 036d 0D       		.uleb128 0xd
 625 036e D0070000 		.4byte	.LASF105
 626 0372 01       		.byte	0x1
 627 0373 79       		.byte	0x79
 628 0374 83000000 		.4byte	0x83
 629 0378 02       		.uleb128 0x2
 630 0379 91       		.byte	0x91
 631 037a 70       		.sleb128 -16
 632 037b 00       		.byte	0
 633 037c 10       		.uleb128 0x10
 634 037d 05020000 		.4byte	.LASF116
 635 0381 01       		.byte	0x1
 636 0382 8A       		.byte	0x8a
 637 0383 00000000 		.4byte	.LFB38
 638 0387 22000000 		.4byte	.LFE38-.LFB38
 639 038b 01       		.uleb128 0x1
 640 038c 9C       		.byte	0x9c
 641 038d 11       		.uleb128 0x11
 642 038e ED0A0000 		.4byte	.LASF107
 643 0392 06       		.byte	0x6
 644 0393 3D       		.byte	0x3d
 645 0394 9E030000 		.4byte	0x39e
 646 0398 05       		.uleb128 0x5
 647 0399 03       		.byte	0x3
 648 039a 00000000 		.4byte	capsL
 649 039e 02       		.uleb128 0x2
 650 039f 01       		.byte	0x1
 651 03a0 02       		.byte	0x2
 652 03a1 DC070000 		.4byte	.LASF106
 653 03a5 11       		.uleb128 0x11
ARM GAS  C:\Users\Xavier\AppData\Local\Temp\ccrntlDP.s 			page 15


 654 03a6 5C080000 		.4byte	.LASF108
 655 03aa 06       		.byte	0x6
 656 03ab 3E       		.byte	0x3e
 657 03ac 9E030000 		.4byte	0x39e
 658 03b0 05       		.uleb128 0x5
 659 03b1 03       		.byte	0x3
 660 03b2 00000000 		.4byte	NumL
 661 03b6 11       		.uleb128 0x11
 662 03b7 2E020000 		.4byte	.LASF109
 663 03bb 06       		.byte	0x6
 664 03bc 3F       		.byte	0x3f
 665 03bd 9E030000 		.4byte	0x39e
 666 03c1 05       		.uleb128 0x5
 667 03c2 03       		.byte	0x3
 668 03c3 00000000 		.4byte	scrL
 669 03c7 12       		.uleb128 0x12
 670 03c8 456E7400 		.ascii	"Ent\000"
 671 03cc 06       		.byte	0x6
 672 03cd 41       		.byte	0x41
 673 03ce 9E030000 		.4byte	0x39e
 674 03d2 05       		.uleb128 0x5
 675 03d3 03       		.byte	0x3
 676 03d4 00000000 		.4byte	Ent
 677 03d8 11       		.uleb128 0x11
 678 03d9 9C070000 		.4byte	.LASF110
 679 03dd 06       		.byte	0x6
 680 03de 43       		.byte	0x43
 681 03df 9E030000 		.4byte	0x39e
 682 03e3 05       		.uleb128 0x5
 683 03e4 03       		.byte	0x3
 684 03e5 00000000 		.4byte	Pair
 685 03e9 11       		.uleb128 0x11
 686 03ea 120B0000 		.4byte	.LASF111
 687 03ee 06       		.byte	0x6
 688 03ef 45       		.byte	0x45
 689 03f0 9E030000 		.4byte	0x39e
 690 03f4 05       		.uleb128 0x5
 691 03f5 03       		.byte	0x3
 692 03f6 00000000 		.4byte	Batt
 693 03fa 11       		.uleb128 0x11
 694 03fb E9020000 		.4byte	.LASF112
 695 03ff 06       		.byte	0x6
 696 0400 48       		.byte	0x48
 697 0401 8F000000 		.4byte	0x8f
 698 0405 05       		.uleb128 0x5
 699 0406 03       		.byte	0x3
 700 0407 00000000 		.4byte	dispb
 701 040b 00       		.byte	0
 702              		.section	.debug_abbrev,"",%progbits
 703              	.Ldebug_abbrev0:
 704 0000 01       		.uleb128 0x1
 705 0001 11       		.uleb128 0x11
 706 0002 01       		.byte	0x1
 707 0003 25       		.uleb128 0x25
 708 0004 0E       		.uleb128 0xe
 709 0005 13       		.uleb128 0x13
 710 0006 0B       		.uleb128 0xb
ARM GAS  C:\Users\Xavier\AppData\Local\Temp\ccrntlDP.s 			page 16


 711 0007 03       		.uleb128 0x3
 712 0008 0E       		.uleb128 0xe
 713 0009 1B       		.uleb128 0x1b
 714 000a 0E       		.uleb128 0xe
 715 000b 55       		.uleb128 0x55
 716 000c 17       		.uleb128 0x17
 717 000d 11       		.uleb128 0x11
 718 000e 01       		.uleb128 0x1
 719 000f 10       		.uleb128 0x10
 720 0010 17       		.uleb128 0x17
 721 0011 00       		.byte	0
 722 0012 00       		.byte	0
 723 0013 02       		.uleb128 0x2
 724 0014 24       		.uleb128 0x24
 725 0015 00       		.byte	0
 726 0016 0B       		.uleb128 0xb
 727 0017 0B       		.uleb128 0xb
 728 0018 3E       		.uleb128 0x3e
 729 0019 0B       		.uleb128 0xb
 730 001a 03       		.uleb128 0x3
 731 001b 0E       		.uleb128 0xe
 732 001c 00       		.byte	0
 733 001d 00       		.byte	0
 734 001e 03       		.uleb128 0x3
 735 001f 24       		.uleb128 0x24
 736 0020 00       		.byte	0
 737 0021 0B       		.uleb128 0xb
 738 0022 0B       		.uleb128 0xb
 739 0023 3E       		.uleb128 0x3e
 740 0024 0B       		.uleb128 0xb
 741 0025 03       		.uleb128 0x3
 742 0026 08       		.uleb128 0x8
 743 0027 00       		.byte	0
 744 0028 00       		.byte	0
 745 0029 04       		.uleb128 0x4
 746 002a 16       		.uleb128 0x16
 747 002b 00       		.byte	0
 748 002c 03       		.uleb128 0x3
 749 002d 0E       		.uleb128 0xe
 750 002e 3A       		.uleb128 0x3a
 751 002f 0B       		.uleb128 0xb
 752 0030 3B       		.uleb128 0x3b
 753 0031 05       		.uleb128 0x5
 754 0032 49       		.uleb128 0x49
 755 0033 13       		.uleb128 0x13
 756 0034 00       		.byte	0
 757 0035 00       		.byte	0
 758 0036 05       		.uleb128 0x5
 759 0037 04       		.uleb128 0x4
 760 0038 01       		.byte	0x1
 761 0039 0B       		.uleb128 0xb
 762 003a 0B       		.uleb128 0xb
 763 003b 49       		.uleb128 0x49
 764 003c 13       		.uleb128 0x13
 765 003d 3A       		.uleb128 0x3a
 766 003e 0B       		.uleb128 0xb
 767 003f 3B       		.uleb128 0x3b
ARM GAS  C:\Users\Xavier\AppData\Local\Temp\ccrntlDP.s 			page 17


 768 0040 05       		.uleb128 0x5
 769 0041 01       		.uleb128 0x1
 770 0042 13       		.uleb128 0x13
 771 0043 00       		.byte	0
 772 0044 00       		.byte	0
 773 0045 06       		.uleb128 0x6
 774 0046 28       		.uleb128 0x28
 775 0047 00       		.byte	0
 776 0048 03       		.uleb128 0x3
 777 0049 0E       		.uleb128 0xe
 778 004a 1C       		.uleb128 0x1c
 779 004b 0B       		.uleb128 0xb
 780 004c 00       		.byte	0
 781 004d 00       		.byte	0
 782 004e 07       		.uleb128 0x7
 783 004f 0F       		.uleb128 0xf
 784 0050 00       		.byte	0
 785 0051 0B       		.uleb128 0xb
 786 0052 0B       		.uleb128 0xb
 787 0053 49       		.uleb128 0x49
 788 0054 13       		.uleb128 0x13
 789 0055 00       		.byte	0
 790 0056 00       		.byte	0
 791 0057 08       		.uleb128 0x8
 792 0058 13       		.uleb128 0x13
 793 0059 01       		.byte	0x1
 794 005a 0B       		.uleb128 0xb
 795 005b 0B       		.uleb128 0xb
 796 005c 3A       		.uleb128 0x3a
 797 005d 0B       		.uleb128 0xb
 798 005e 3B       		.uleb128 0x3b
 799 005f 05       		.uleb128 0x5
 800 0060 01       		.uleb128 0x1
 801 0061 13       		.uleb128 0x13
 802 0062 00       		.byte	0
 803 0063 00       		.byte	0
 804 0064 09       		.uleb128 0x9
 805 0065 0D       		.uleb128 0xd
 806 0066 00       		.byte	0
 807 0067 03       		.uleb128 0x3
 808 0068 08       		.uleb128 0x8
 809 0069 3A       		.uleb128 0x3a
 810 006a 0B       		.uleb128 0xb
 811 006b 3B       		.uleb128 0x3b
 812 006c 05       		.uleb128 0x5
 813 006d 49       		.uleb128 0x49
 814 006e 13       		.uleb128 0x13
 815 006f 38       		.uleb128 0x38
 816 0070 0B       		.uleb128 0xb
 817 0071 00       		.byte	0
 818 0072 00       		.byte	0
 819 0073 0A       		.uleb128 0xa
 820 0074 0D       		.uleb128 0xd
 821 0075 00       		.byte	0
 822 0076 03       		.uleb128 0x3
 823 0077 0E       		.uleb128 0xe
 824 0078 3A       		.uleb128 0x3a
ARM GAS  C:\Users\Xavier\AppData\Local\Temp\ccrntlDP.s 			page 18


 825 0079 0B       		.uleb128 0xb
 826 007a 3B       		.uleb128 0x3b
 827 007b 05       		.uleb128 0x5
 828 007c 49       		.uleb128 0x49
 829 007d 13       		.uleb128 0x13
 830 007e 38       		.uleb128 0x38
 831 007f 0B       		.uleb128 0xb
 832 0080 00       		.byte	0
 833 0081 00       		.byte	0
 834 0082 0B       		.uleb128 0xb
 835 0083 04       		.uleb128 0x4
 836 0084 01       		.byte	0x1
 837 0085 0B       		.uleb128 0xb
 838 0086 0B       		.uleb128 0xb
 839 0087 49       		.uleb128 0x49
 840 0088 13       		.uleb128 0x13
 841 0089 3A       		.uleb128 0x3a
 842 008a 0B       		.uleb128 0xb
 843 008b 3B       		.uleb128 0x3b
 844 008c 0B       		.uleb128 0xb
 845 008d 01       		.uleb128 0x1
 846 008e 13       		.uleb128 0x13
 847 008f 00       		.byte	0
 848 0090 00       		.byte	0
 849 0091 0C       		.uleb128 0xc
 850 0092 2E       		.uleb128 0x2e
 851 0093 01       		.byte	0x1
 852 0094 3F       		.uleb128 0x3f
 853 0095 19       		.uleb128 0x19
 854 0096 03       		.uleb128 0x3
 855 0097 0E       		.uleb128 0xe
 856 0098 3A       		.uleb128 0x3a
 857 0099 0B       		.uleb128 0xb
 858 009a 3B       		.uleb128 0x3b
 859 009b 0B       		.uleb128 0xb
 860 009c 27       		.uleb128 0x27
 861 009d 19       		.uleb128 0x19
 862 009e 11       		.uleb128 0x11
 863 009f 01       		.uleb128 0x1
 864 00a0 12       		.uleb128 0x12
 865 00a1 06       		.uleb128 0x6
 866 00a2 40       		.uleb128 0x40
 867 00a3 18       		.uleb128 0x18
 868 00a4 9742     		.uleb128 0x2117
 869 00a6 19       		.uleb128 0x19
 870 00a7 01       		.uleb128 0x1
 871 00a8 13       		.uleb128 0x13
 872 00a9 00       		.byte	0
 873 00aa 00       		.byte	0
 874 00ab 0D       		.uleb128 0xd
 875 00ac 05       		.uleb128 0x5
 876 00ad 00       		.byte	0
 877 00ae 03       		.uleb128 0x3
 878 00af 0E       		.uleb128 0xe
 879 00b0 3A       		.uleb128 0x3a
 880 00b1 0B       		.uleb128 0xb
 881 00b2 3B       		.uleb128 0x3b
ARM GAS  C:\Users\Xavier\AppData\Local\Temp\ccrntlDP.s 			page 19


 882 00b3 0B       		.uleb128 0xb
 883 00b4 49       		.uleb128 0x49
 884 00b5 13       		.uleb128 0x13
 885 00b6 02       		.uleb128 0x2
 886 00b7 18       		.uleb128 0x18
 887 00b8 00       		.byte	0
 888 00b9 00       		.byte	0
 889 00ba 0E       		.uleb128 0xe
 890 00bb 34       		.uleb128 0x34
 891 00bc 00       		.byte	0
 892 00bd 03       		.uleb128 0x3
 893 00be 08       		.uleb128 0x8
 894 00bf 3A       		.uleb128 0x3a
 895 00c0 0B       		.uleb128 0xb
 896 00c1 3B       		.uleb128 0x3b
 897 00c2 0B       		.uleb128 0xb
 898 00c3 49       		.uleb128 0x49
 899 00c4 13       		.uleb128 0x13
 900 00c5 02       		.uleb128 0x2
 901 00c6 18       		.uleb128 0x18
 902 00c7 00       		.byte	0
 903 00c8 00       		.byte	0
 904 00c9 0F       		.uleb128 0xf
 905 00ca 05       		.uleb128 0x5
 906 00cb 00       		.byte	0
 907 00cc 03       		.uleb128 0x3
 908 00cd 08       		.uleb128 0x8
 909 00ce 3A       		.uleb128 0x3a
 910 00cf 0B       		.uleb128 0xb
 911 00d0 3B       		.uleb128 0x3b
 912 00d1 0B       		.uleb128 0xb
 913 00d2 49       		.uleb128 0x49
 914 00d3 13       		.uleb128 0x13
 915 00d4 02       		.uleb128 0x2
 916 00d5 18       		.uleb128 0x18
 917 00d6 00       		.byte	0
 918 00d7 00       		.byte	0
 919 00d8 10       		.uleb128 0x10
 920 00d9 2E       		.uleb128 0x2e
 921 00da 00       		.byte	0
 922 00db 3F       		.uleb128 0x3f
 923 00dc 19       		.uleb128 0x19
 924 00dd 03       		.uleb128 0x3
 925 00de 0E       		.uleb128 0xe
 926 00df 3A       		.uleb128 0x3a
 927 00e0 0B       		.uleb128 0xb
 928 00e1 3B       		.uleb128 0x3b
 929 00e2 0B       		.uleb128 0xb
 930 00e3 27       		.uleb128 0x27
 931 00e4 19       		.uleb128 0x19
 932 00e5 11       		.uleb128 0x11
 933 00e6 01       		.uleb128 0x1
 934 00e7 12       		.uleb128 0x12
 935 00e8 06       		.uleb128 0x6
 936 00e9 40       		.uleb128 0x40
 937 00ea 18       		.uleb128 0x18
 938 00eb 9642     		.uleb128 0x2116
ARM GAS  C:\Users\Xavier\AppData\Local\Temp\ccrntlDP.s 			page 20


 939 00ed 19       		.uleb128 0x19
 940 00ee 00       		.byte	0
 941 00ef 00       		.byte	0
 942 00f0 11       		.uleb128 0x11
 943 00f1 34       		.uleb128 0x34
 944 00f2 00       		.byte	0
 945 00f3 03       		.uleb128 0x3
 946 00f4 0E       		.uleb128 0xe
 947 00f5 3A       		.uleb128 0x3a
 948 00f6 0B       		.uleb128 0xb
 949 00f7 3B       		.uleb128 0x3b
 950 00f8 0B       		.uleb128 0xb
 951 00f9 49       		.uleb128 0x49
 952 00fa 13       		.uleb128 0x13
 953 00fb 3F       		.uleb128 0x3f
 954 00fc 19       		.uleb128 0x19
 955 00fd 02       		.uleb128 0x2
 956 00fe 18       		.uleb128 0x18
 957 00ff 00       		.byte	0
 958 0100 00       		.byte	0
 959 0101 12       		.uleb128 0x12
 960 0102 34       		.uleb128 0x34
 961 0103 00       		.byte	0
 962 0104 03       		.uleb128 0x3
 963 0105 08       		.uleb128 0x8
 964 0106 3A       		.uleb128 0x3a
 965 0107 0B       		.uleb128 0xb
 966 0108 3B       		.uleb128 0x3b
 967 0109 0B       		.uleb128 0xb
 968 010a 49       		.uleb128 0x49
 969 010b 13       		.uleb128 0x13
 970 010c 3F       		.uleb128 0x3f
 971 010d 19       		.uleb128 0x19
 972 010e 02       		.uleb128 0x2
 973 010f 18       		.uleb128 0x18
 974 0110 00       		.byte	0
 975 0111 00       		.byte	0
 976 0112 00       		.byte	0
 977              		.section	.debug_aranges,"",%progbits
 978 0000 2C000000 		.4byte	0x2c
 979 0004 0200     		.2byte	0x2
 980 0006 00000000 		.4byte	.Ldebug_info0
 981 000a 04       		.byte	0x4
 982 000b 00       		.byte	0
 983 000c 0000     		.2byte	0
 984 000e 0000     		.2byte	0
 985 0010 00000000 		.4byte	.LFB36
 986 0014 3E000000 		.4byte	.LFE36-.LFB36
 987 0018 00000000 		.4byte	.LFB37
 988 001c 3E000000 		.4byte	.LFE37-.LFB37
 989 0020 00000000 		.4byte	.LFB38
 990 0024 22000000 		.4byte	.LFE38-.LFB38
 991 0028 00000000 		.4byte	0
 992 002c 00000000 		.4byte	0
 993              		.section	.debug_ranges,"",%progbits
 994              	.Ldebug_ranges0:
 995 0000 00000000 		.4byte	.LFB36
ARM GAS  C:\Users\Xavier\AppData\Local\Temp\ccrntlDP.s 			page 21


 996 0004 3E000000 		.4byte	.LFE36
 997 0008 00000000 		.4byte	.LFB37
 998 000c 3E000000 		.4byte	.LFE37
 999 0010 00000000 		.4byte	.LFB38
 1000 0014 22000000 		.4byte	.LFE38
 1001 0018 00000000 		.4byte	0
 1002 001c 00000000 		.4byte	0
 1003              		.section	.debug_line,"",%progbits
 1004              	.Ldebug_line0:
 1005 0000 CB000000 		.section	.debug_str,"MS",%progbits,1
 1005      02007D00 
 1005      00000201 
 1005      FB0E0D00 
 1005      01010101 
 1006              	.LASF28:
 1007 0000 4359424C 		.ascii	"CYBLE_EVT_GAP_PASSKEY_ENTRY_REQUEST\000"
 1007      455F4556 
 1007      545F4741 
 1007      505F5041 
 1007      53534B45 
 1008              	.LASF63:
 1009 0024 4359424C 		.ascii	"CYBLE_EVT_GATTC_WRITE_RSP\000"
 1009      455F4556 
 1009      545F4741 
 1009      5454435F 
 1009      57524954 
 1010              	.LASF25:
 1011 003e 4359424C 		.ascii	"CYBLE_EVT_MEMORY_REQUEST\000"
 1011      455F4556 
 1011      545F4D45 
 1011      4D4F5259 
 1011      5F524551 
 1012              	.LASF50:
 1013 0057 4359424C 		.ascii	"CYBLE_EVT_GATTC_ERROR_RSP\000"
 1013      455F4556 
 1013      545F4741 
 1013      5454435F 
 1013      4552524F 
 1014              	.LASF40:
 1015 0071 4359424C 		.ascii	"CYBLE_EVT_GAP_KEYPRESS_NOTIFICATION\000"
 1015      455F4556 
 1015      545F4741 
 1015      505F4B45 
 1015      59505245 
 1016              	.LASF2:
 1017 0095 73686F72 		.ascii	"short int\000"
 1017      7420696E 
 1017      7400
 1018              	.LASF31:
 1019 009f 4359424C 		.ascii	"CYBLE_EVT_GAP_AUTH_FAILED\000"
 1019      455F4556 
 1019      545F4741 
 1019      505F4155 
 1019      54485F46 
 1020              	.LASF52:
 1021 00b9 4359424C 		.ascii	"CYBLE_EVT_GATT_DISCONNECT_IND\000"
 1021      455F4556 
ARM GAS  C:\Users\Xavier\AppData\Local\Temp\ccrntlDP.s 			page 22


 1021      545F4741 
 1021      54545F44 
 1021      4953434F 
 1022              	.LASF18:
 1023 00d7 73697A65 		.ascii	"sizetype\000"
 1023      74797065 
 1023      00
 1024              	.LASF42:
 1025 00e0 4359424C 		.ascii	"CYBLE_EVT_GAP_DATA_LENGTH_CHANGE\000"
 1025      455F4556 
 1025      545F4741 
 1025      505F4441 
 1025      54415F4C 
 1026              	.LASF95:
 1027 0101 4359424C 		.ascii	"CYBLE_DIS_SERIAL_NUMBER\000"
 1027      455F4449 
 1027      535F5345 
 1027      5249414C 
 1027      5F4E554D 
 1028              	.LASF6:
 1029 0119 6C6F6E67 		.ascii	"long long int\000"
 1029      206C6F6E 
 1029      6720696E 
 1029      7400
 1030              	.LASF98:
 1031 0127 4359424C 		.ascii	"CYBLE_DIS_SOFTWARE_REV\000"
 1031      455F4449 
 1031      535F534F 
 1031      46545741 
 1031      52455F52 
 1032              	.LASF64:
 1033 013e 4359424C 		.ascii	"CYBLE_EVT_GATTS_WRITE_CMD_REQ\000"
 1033      455F4556 
 1033      545F4741 
 1033      5454535F 
 1033      57524954 
 1034              	.LASF23:
 1035 015c 4359424C 		.ascii	"CYBLE_EVT_HCI_STATUS\000"
 1035      455F4556 
 1035      545F4843 
 1035      495F5354 
 1035      41545553 
 1036              	.LASF56:
 1037 0171 4359424C 		.ascii	"CYBLE_EVT_GATTC_READ_BY_TYPE_RSP\000"
 1037      455F4556 
 1037      545F4741 
 1037      5454435F 
 1037      52454144 
 1038              	.LASF20:
 1039 0192 4359424C 		.ascii	"CYBLE_EVT_STACK_ON\000"
 1039      455F4556 
 1039      545F5354 
 1039      41434B5F 
 1039      4F4E00
 1040              	.LASF49:
 1041 01a5 4359424C 		.ascii	"CYBLE_EVT_GAP_SMP_LOC_P256_KEYS_GEN_AND_SET_COMPLET"
 1041      455F4556 
ARM GAS  C:\Users\Xavier\AppData\Local\Temp\ccrntlDP.s 			page 23


 1041      545F4741 
 1041      505F534D 
 1041      505F4C4F 
 1042 01d8 4500     		.ascii	"E\000"
 1043              	.LASF53:
 1044 01da 4359424C 		.ascii	"CYBLE_EVT_GATTS_XCNHG_MTU_REQ\000"
 1044      455F4556 
 1044      545F4741 
 1044      5454535F 
 1044      58434E48 
 1045              	.LASF10:
 1046 01f8 75696E74 		.ascii	"uint16\000"
 1046      313600
 1047              	.LASF13:
 1048 01ff 696E7431 		.ascii	"int16\000"
 1048      3600
 1049              	.LASF116:
 1050 0205 53686F77 		.ascii	"ShowError\000"
 1050      4572726F 
 1050      7200
 1051              	.LASF61:
 1052 020f 4359424C 		.ascii	"CYBLE_EVT_GATTC_READ_MULTI_RSP\000"
 1052      455F4556 
 1052      545F4741 
 1052      5454435F 
 1052      52454144 
 1053              	.LASF109:
 1054 022e 7363724C 		.ascii	"scrL\000"
 1054      00
 1055              	.LASF70:
 1056 0233 4359424C 		.ascii	"CYBLE_EVT_GATTS_HANDLE_VALUE_CNF\000"
 1056      455F4556 
 1056      545F4741 
 1056      5454535F 
 1056      48414E44 
 1057              	.LASF19:
 1058 0254 4359424C 		.ascii	"CYBLE_EVT_HOST_INVALID\000"
 1058      455F4556 
 1058      545F484F 
 1058      53545F49 
 1058      4E56414C 
 1059              	.LASF78:
 1060 026b 4359424C 		.ascii	"CYBLE_EVT_L2CAP_CBFC_CONN_IND\000"
 1060      455F4556 
 1060      545F4C32 
 1060      4341505F 
 1060      43424643 
 1061              	.LASF115:
 1062 0289 443A5C44 		.ascii	"D:\\Documents\\GitHub\\XID_483\\Workspace\\BLE_HID_"
 1062      6F63756D 
 1062      656E7473 
 1062      5C476974 
 1062      4875625C 
 1063 02b7 4B657962 		.ascii	"Keyboard01.cydsn\000"
 1063      6F617264 
 1063      30312E63 
 1063      7964736E 
ARM GAS  C:\Users\Xavier\AppData\Local\Temp\ccrntlDP.s 			page 24


 1063      00
 1064              	.LASF81:
 1065 02c8 4359424C 		.ascii	"CYBLE_EVT_L2CAP_CBFC_DISCONN_CNF\000"
 1065      455F4556 
 1065      545F4C32 
 1065      4341505F 
 1065      43424643 
 1066              	.LASF112:
 1067 02e9 64697370 		.ascii	"dispb\000"
 1067      6200
 1068              	.LASF14:
 1069 02ef 666C6F61 		.ascii	"float\000"
 1069      7400
 1070              	.LASF59:
 1071 02f5 4359424C 		.ascii	"CYBLE_EVT_GATTC_READ_RSP\000"
 1071      455F4556 
 1071      545F4741 
 1071      5454435F 
 1071      52454144 
 1072              	.LASF39:
 1073 030e 4359424C 		.ascii	"CYBLE_EVT_GAP_NUMERIC_COMPARISON_REQUEST\000"
 1073      455F4556 
 1073      545F4741 
 1073      505F4E55 
 1073      4D455249 
 1074              	.LASF44:
 1075 0337 4359424C 		.ascii	"CYBLE_EVT_GAPC_DIRECT_ADV_REPORT\000"
 1075      455F4556 
 1075      545F4741 
 1075      50435F44 
 1075      49524543 
 1076              	.LASF7:
 1077 0358 6C6F6E67 		.ascii	"long long unsigned int\000"
 1077      206C6F6E 
 1077      6720756E 
 1077      7369676E 
 1077      65642069 
 1078              	.LASF12:
 1079 036f 696E7438 		.ascii	"int8\000"
 1079      00
 1080              	.LASF48:
 1081 0374 4359424C 		.ascii	"CYBLE_EVT_GAP_AUTH_REQ_REPLY_ERR\000"
 1081      455F4556 
 1081      545F4741 
 1081      505F4155 
 1081      54485F52 
 1082              	.LASF4:
 1083 0395 6C6F6E67 		.ascii	"long int\000"
 1083      20696E74 
 1083      00
 1084              	.LASF69:
 1085 039e 4359424C 		.ascii	"CYBLE_EVT_GATTC_HANDLE_VALUE_IND\000"
 1085      455F4556 
 1085      545F4741 
 1085      5454435F 
 1085      48414E44 
 1086              	.LASF33:
ARM GAS  C:\Users\Xavier\AppData\Local\Temp\ccrntlDP.s 			page 25


 1087 03bf 4359424C 		.ascii	"CYBLE_EVT_GAP_DEVICE_CONNECTED\000"
 1087      455F4556 
 1087      545F4741 
 1087      505F4445 
 1087      56494345 
 1088              	.LASF32:
 1089 03de 4359424C 		.ascii	"CYBLE_EVT_GAPP_ADVERTISEMENT_START_STOP\000"
 1089      455F4556 
 1089      545F4741 
 1089      50505F41 
 1089      44564552 
 1090              	.LASF68:
 1091 0406 4359424C 		.ascii	"CYBLE_EVT_GATTC_HANDLE_VALUE_NTF\000"
 1091      455F4556 
 1091      545F4741 
 1091      5454435F 
 1091      48414E44 
 1092              	.LASF94:
 1093 0427 4359424C 		.ascii	"CYBLE_DIS_MODEL_NUMBER\000"
 1093      455F4449 
 1093      535F4D4F 
 1093      44454C5F 
 1093      4E554D42 
 1094              	.LASF29:
 1095 043e 4359424C 		.ascii	"CYBLE_EVT_GAP_PASSKEY_DISPLAY_REQUEST\000"
 1095      455F4556 
 1095      545F4741 
 1095      505F5041 
 1095      53534B45 
 1096              	.LASF113:
 1097 0464 474E5520 		.ascii	"GNU C11 5.4.1 20160609 (release) [ARM/embedded-5-br"
 1097      43313120 
 1097      352E342E 
 1097      31203230 
 1097      31363036 
 1098 0497 616E6368 		.ascii	"anch revision 237715] -mcpu=cortex-m0 -mthumb -g -O"
 1098      20726576 
 1098      6973696F 
 1098      6E203233 
 1098      37373135 
 1099 04ca 30202D66 		.ascii	"0 -ffunction-sections -ffat-lto-objects\000"
 1099      66756E63 
 1099      74696F6E 
 1099      2D736563 
 1099      74696F6E 
 1100              	.LASF79:
 1101 04f2 4359424C 		.ascii	"CYBLE_EVT_L2CAP_CBFC_CONN_CNF\000"
 1101      455F4556 
 1101      545F4C32 
 1101      4341505F 
 1101      43424643 
 1102              	.LASF43:
 1103 0510 4359424C 		.ascii	"CYBLE_EVT_GAP_ENHANCE_CONN_COMPLETE\000"
 1103      455F4556 
 1103      545F4741 
 1103      505F454E 
 1103      48414E43 
ARM GAS  C:\Users\Xavier\AppData\Local\Temp\ccrntlDP.s 			page 26


 1104              	.LASF17:
 1105 0534 6C6F6E67 		.ascii	"long double\000"
 1105      20646F75 
 1105      626C6500 
 1106              	.LASF75:
 1107 0540 4359424C 		.ascii	"CYBLE_EVT_L2CAP_CONN_PARAM_UPDATE_REQ\000"
 1107      455F4556 
 1107      545F4C32 
 1107      4341505F 
 1107      434F4E4E 
 1108              	.LASF1:
 1109 0566 756E7369 		.ascii	"unsigned char\000"
 1109      676E6564 
 1109      20636861 
 1109      7200
 1110              	.LASF65:
 1111 0574 4359424C 		.ascii	"CYBLE_EVT_GATTS_PREP_WRITE_REQ\000"
 1111      455F4556 
 1111      545F4741 
 1111      5454535F 
 1111      50524550 
 1112              	.LASF87:
 1113 0593 4359424C 		.ascii	"CYBLE_EVT_LE_PING_AUTH_TIMEOUT\000"
 1113      455F4556 
 1113      545F4C45 
 1113      5F50494E 
 1113      475F4155 
 1114              	.LASF114:
 1115 05b2 64656275 		.ascii	"debug.c\000"
 1115      672E6300 
 1116              	.LASF0:
 1117 05ba 7369676E 		.ascii	"signed char\000"
 1117      65642063 
 1117      68617200 
 1118              	.LASF62:
 1119 05c6 4359424C 		.ascii	"CYBLE_EVT_GATTS_WRITE_REQ\000"
 1119      455F4556 
 1119      545F4741 
 1119      5454535F 
 1119      57524954 
 1120              	.LASF58:
 1121 05e0 4359424C 		.ascii	"CYBLE_EVT_GATTC_FIND_BY_TYPE_VALUE_RSP\000"
 1121      455F4556 
 1121      545F4741 
 1121      5454435F 
 1121      46494E44 
 1122              	.LASF30:
 1123 0607 4359424C 		.ascii	"CYBLE_EVT_GAP_AUTH_COMPLETE\000"
 1123      455F4556 
 1123      545F4741 
 1123      505F4155 
 1123      54485F43 
 1124              	.LASF8:
 1125 0623 756E7369 		.ascii	"unsigned int\000"
 1125      676E6564 
 1125      20696E74 
 1125      00
ARM GAS  C:\Users\Xavier\AppData\Local\Temp\ccrntlDP.s 			page 27


 1126              	.LASF104:
 1127 0630 53657433 		.ascii	"Set32ByPtr\000"
 1127      32427950 
 1127      747200
 1128              	.LASF51:
 1129 063b 4359424C 		.ascii	"CYBLE_EVT_GATT_CONNECT_IND\000"
 1129      455F4556 
 1129      545F4741 
 1129      54545F43 
 1129      4F4E4E45 
 1130              	.LASF5:
 1131 0656 6C6F6E67 		.ascii	"long unsigned int\000"
 1131      20756E73 
 1131      69676E65 
 1131      6420696E 
 1131      7400
 1132              	.LASF27:
 1133 0668 4359424C 		.ascii	"CYBLE_EVT_GAP_AUTH_REQ\000"
 1133      455F4556 
 1133      545F4741 
 1133      505F4155 
 1133      54485F52 
 1134              	.LASF80:
 1135 067f 4359424C 		.ascii	"CYBLE_EVT_L2CAP_CBFC_DISCONN_IND\000"
 1135      455F4556 
 1135      545F4C32 
 1135      4341505F 
 1135      43424643 
 1136              	.LASF35:
 1137 06a0 4359424C 		.ascii	"CYBLE_EVT_GAP_ENCRYPT_CHANGE\000"
 1137      455F4556 
 1137      545F4741 
 1137      505F454E 
 1137      43525950 
 1138              	.LASF46:
 1139 06bd 4359424C 		.ascii	"CYBLE_EVT_GAP_CONN_ESTB\000"
 1139      455F4556 
 1139      545F4741 
 1139      505F434F 
 1139      4E4E5F45 
 1140              	.LASF74:
 1141 06d5 4359424C 		.ascii	"CYBLE_EVT_GATTC_LONG_PROCEDURE_END\000"
 1141      455F4556 
 1141      545F4741 
 1141      5454435F 
 1141      4C4F4E47 
 1142              	.LASF38:
 1143 06f8 4359424C 		.ascii	"CYBLE_EVT_GAP_KEYINFO_EXCHNGE_CMPLT\000"
 1143      455F4556 
 1143      545F4741 
 1143      505F4B45 
 1143      59494E46 
 1144              	.LASF89:
 1145 071c 4359424C 		.ascii	"CYBLE_EVT_FLASH_CORRUPT\000"
 1145      455F4556 
 1145      545F464C 
 1145      4153485F 
ARM GAS  C:\Users\Xavier\AppData\Local\Temp\ccrntlDP.s 			page 28


 1145      434F5252 
 1146              	.LASF36:
 1147 0734 4359424C 		.ascii	"CYBLE_EVT_GAP_CONNECTION_UPDATE_COMPLETE\000"
 1147      455F4556 
 1147      545F4741 
 1147      505F434F 
 1147      4E4E4543 
 1148              	.LASF45:
 1149 075d 4359424C 		.ascii	"CYBLE_EVT_GAP_SMP_NEGOTIATED_AUTH_INFO\000"
 1149      455F4556 
 1149      545F4741 
 1149      505F534D 
 1149      505F4E45 
 1150              	.LASF16:
 1151 0784 63686172 		.ascii	"char\000"
 1151      00
 1152              	.LASF92:
 1153 0789 4359424C 		.ascii	"CYBLE_GATT_VALUE_T\000"
 1153      455F4741 
 1153      54545F56 
 1153      414C5545 
 1153      5F5400
 1154              	.LASF110:
 1155 079c 50616972 		.ascii	"Pair\000"
 1155      00
 1156              	.LASF77:
 1157 07a1 4359424C 		.ascii	"CYBLE_EVT_L2CAP_COMMAND_REJ\000"
 1157      455F4556 
 1157      545F4C32 
 1157      4341505F 
 1157      434F4D4D 
 1158              	.LASF3:
 1159 07bd 73686F72 		.ascii	"short unsigned int\000"
 1159      7420756E 
 1159      7369676E 
 1159      65642069 
 1159      6E7400
 1160              	.LASF105:
 1161 07d0 76616C75 		.ascii	"value\000"
 1161      6500
 1162              	.LASF9:
 1163 07d6 75696E74 		.ascii	"uint8\000"
 1163      3800
 1164              	.LASF106:
 1165 07dc 5F426F6F 		.ascii	"_Bool\000"
 1165      6C00
 1166              	.LASF100:
 1167 07e2 4359424C 		.ascii	"CYBLE_DIS_REG_CERT_DATA\000"
 1167      455F4449 
 1167      535F5245 
 1167      475F4345 
 1167      52545F44 
 1168              	.LASF60:
 1169 07fa 4359424C 		.ascii	"CYBLE_EVT_GATTC_READ_BLOB_RSP\000"
 1169      455F4556 
 1169      545F4741 
 1169      5454435F 
ARM GAS  C:\Users\Xavier\AppData\Local\Temp\ccrntlDP.s 			page 29


 1169      52454144 
 1170              	.LASF67:
 1171 0818 4359424C 		.ascii	"CYBLE_EVT_GATTC_EXEC_WRITE_RSP\000"
 1171      455F4556 
 1171      545F4741 
 1171      5454435F 
 1171      45584543 
 1172              	.LASF11:
 1173 0837 75696E74 		.ascii	"uint32\000"
 1173      333200
 1174              	.LASF86:
 1175 083e 4359424C 		.ascii	"CYBLE_EVT_PENDING_FLASH_WRITE\000"
 1175      455F4556 
 1175      545F5045 
 1175      4E44494E 
 1175      475F464C 
 1176              	.LASF108:
 1177 085c 4E756D4C 		.ascii	"NumL\000"
 1177      00
 1178              	.LASF83:
 1179 0861 4359424C 		.ascii	"CYBLE_EVT_L2CAP_CBFC_RX_CREDIT_IND\000"
 1179      455F4556 
 1179      545F4C32 
 1179      4341505F 
 1179      43424643 
 1180              	.LASF15:
 1181 0884 646F7562 		.ascii	"double\000"
 1181      6C6500
 1182              	.LASF103:
 1183 088b 53686F77 		.ascii	"ShowValue\000"
 1183      56616C75 
 1183      6500
 1184              	.LASF84:
 1185 0895 4359424C 		.ascii	"CYBLE_EVT_L2CAP_CBFC_TX_CREDIT_IND\000"
 1185      455F4556 
 1185      545F4C32 
 1185      4341505F 
 1185      43424643 
 1186              	.LASF102:
 1187 08b8 4359424C 		.ascii	"CYBLE_DIS_CHAR_COUNT\000"
 1187      455F4449 
 1187      535F4348 
 1187      41525F43 
 1187      4F554E54 
 1188              	.LASF47:
 1189 08cd 4359424C 		.ascii	"CYBLE_EVT_GAP_SCAN_REQ_RECVD\000"
 1189      455F4556 
 1189      545F4741 
 1189      505F5343 
 1189      414E5F52 
 1190              	.LASF24:
 1191 08ea 4359424C 		.ascii	"CYBLE_EVT_STACK_BUSY_STATUS\000"
 1191      455F4556 
 1191      545F5354 
 1191      41434B5F 
 1191      42555359 
 1192              	.LASF22:
ARM GAS  C:\Users\Xavier\AppData\Local\Temp\ccrntlDP.s 			page 30


 1193 0906 4359424C 		.ascii	"CYBLE_EVT_HARDWARE_ERROR\000"
 1193      455F4556 
 1193      545F4841 
 1193      52445741 
 1193      52455F45 
 1194              	.LASF82:
 1195 091f 4359424C 		.ascii	"CYBLE_EVT_L2CAP_CBFC_DATA_READ\000"
 1195      455F4556 
 1195      545F4C32 
 1195      4341505F 
 1195      43424643 
 1196              	.LASF76:
 1197 093e 4359424C 		.ascii	"CYBLE_EVT_L2CAP_CONN_PARAM_UPDATE_RSP\000"
 1197      455F4556 
 1197      545F4C32 
 1197      4341505F 
 1197      434F4E4E 
 1198              	.LASF26:
 1199 0964 4359424C 		.ascii	"CYBLE_EVT_GAPC_SCAN_PROGRESS_RESULT\000"
 1199      455F4556 
 1199      545F4741 
 1199      50435F53 
 1199      43414E5F 
 1200              	.LASF93:
 1201 0988 4359424C 		.ascii	"CYBLE_DIS_MANUFACTURER_NAME\000"
 1201      455F4449 
 1201      535F4D41 
 1201      4E554641 
 1201      43545552 
 1202              	.LASF91:
 1203 09a4 61637475 		.ascii	"actualLen\000"
 1203      616C4C65 
 1203      6E00
 1204              	.LASF55:
 1205 09ae 4359424C 		.ascii	"CYBLE_EVT_GATTC_READ_BY_GROUP_TYPE_RSP\000"
 1205      455F4556 
 1205      545F4741 
 1205      5454435F 
 1205      52454144 
 1206              	.LASF97:
 1207 09d5 4359424C 		.ascii	"CYBLE_DIS_FIRMWARE_REV\000"
 1207      455F4449 
 1207      535F4649 
 1207      524D5741 
 1207      52455F52 
 1208              	.LASF54:
 1209 09ec 4359424C 		.ascii	"CYBLE_EVT_GATTC_XCHNG_MTU_RSP\000"
 1209      455F4556 
 1209      545F4741 
 1209      5454435F 
 1209      5843484E 
 1210              	.LASF96:
 1211 0a0a 4359424C 		.ascii	"CYBLE_DIS_HARDWARE_REV\000"
 1211      455F4449 
 1211      535F4841 
 1211      52445741 
 1211      52455F52 
ARM GAS  C:\Users\Xavier\AppData\Local\Temp\ccrntlDP.s 			page 31


 1212              	.LASF21:
 1213 0a21 4359424C 		.ascii	"CYBLE_EVT_TIMEOUT\000"
 1213      455F4556 
 1213      545F5449 
 1213      4D454F55 
 1213      5400
 1214              	.LASF85:
 1215 0a33 4359424C 		.ascii	"CYBLE_EVT_L2CAP_CBFC_DATA_WRITE_IND\000"
 1215      455F4556 
 1215      545F4C32 
 1215      4341505F 
 1215      43424643 
 1216              	.LASF37:
 1217 0a57 4359424C 		.ascii	"CYBLE_EVT_GAPC_SCAN_START_STOP\000"
 1217      455F4556 
 1217      545F4741 
 1217      50435F53 
 1217      43414E5F 
 1218              	.LASF90:
 1219 0a76 4359424C 		.ascii	"CYBLE_EVT_MAX\000"
 1219      455F4556 
 1219      545F4D41 
 1219      5800
 1220              	.LASF73:
 1221 0a84 4359424C 		.ascii	"CYBLE_EVT_GATTS_READ_CHAR_VAL_ACCESS_REQ\000"
 1221      455F4556 
 1221      545F4741 
 1221      5454535F 
 1221      52454144 
 1222              	.LASF57:
 1223 0aad 4359424C 		.ascii	"CYBLE_EVT_GATTC_FIND_INFO_RSP\000"
 1223      455F4556 
 1223      545F4741 
 1223      5454435F 
 1223      46494E44 
 1224              	.LASF72:
 1225 0acb 4359424C 		.ascii	"CYBLE_EVT_GATTC_STOP_CMD_COMPLETE\000"
 1225      455F4556 
 1225      545F4741 
 1225      5454435F 
 1225      53544F50 
 1226              	.LASF107:
 1227 0aed 63617073 		.ascii	"capsL\000"
 1227      4C00
 1228              	.LASF66:
 1229 0af3 4359424C 		.ascii	"CYBLE_EVT_GATTS_EXEC_WRITE_REQ\000"
 1229      455F4556 
 1229      545F4741 
 1229      5454535F 
 1229      45584543 
 1230              	.LASF111:
 1231 0b12 42617474 		.ascii	"Batt\000"
 1231      00
 1232              	.LASF34:
 1233 0b17 4359424C 		.ascii	"CYBLE_EVT_GAP_DEVICE_DISCONNECTED\000"
 1233      455F4556 
 1233      545F4741 
ARM GAS  C:\Users\Xavier\AppData\Local\Temp\ccrntlDP.s 			page 32


 1233      505F4445 
 1233      56494345 
 1234              	.LASF71:
 1235 0b39 4359424C 		.ascii	"CYBLE_EVT_GATTS_DATA_SIGNED_CMD_REQ\000"
 1235      455F4556 
 1235      545F4741 
 1235      5454535F 
 1235      44415441 
 1236              	.LASF88:
 1237 0b5d 4359424C 		.ascii	"CYBLE_EVT_HCI_PKT\000"
 1237      455F4556 
 1237      545F4843 
 1237      495F504B 
 1237      5400
 1238              	.LASF99:
 1239 0b6f 4359424C 		.ascii	"CYBLE_DIS_SYSTEM_ID\000"
 1239      455F4449 
 1239      535F5359 
 1239      5354454D 
 1239      5F494400 
 1240              	.LASF41:
 1241 0b83 4359424C 		.ascii	"CYBLE_EVT_GAP_OOB_GENERATED_NOTIFICATION\000"
 1241      455F4556 
 1241      545F4741 
 1241      505F4F4F 
 1241      425F4745 
 1242              	.LASF101:
 1243 0bac 4359424C 		.ascii	"CYBLE_DIS_PNP_ID\000"
 1243      455F4449 
 1243      535F504E 
 1243      505F4944 
 1243      00
 1244              		.ident	"GCC: (GNU Tools for ARM Embedded Processors) 5.4.1 20160609 (release) [ARM/embedded-5-bran
