--------------- Build Started: 07/04/2023 00:18:15 Project: BLE_HID_Keyboard01, Configuration: ARM GCC 5.4-2016-q2-update Release ---------------
cydsfit.exe -.appdatapath "C:\Users\Xavier\AppData\Local\Cypress Semiconductor\PSoC Creator\4.4" -.fdsnotice -.fdswarpdepfile=warp_dependencies.txt -.fdselabdepfile=elab_dependencies.txt -.fdsbldfile=generated_files.txt -.fdsreffile=referenced_files.txt -p "C:\Users\Xavier\Documents\PSoC Creator\BLE_HID_Keyboard01\BLE_HID_Keyboard01.cydsn\BLE_HID_Keyboard01.cyprj" -d CY8C4247LQI-BL483 -s "C:\Users\Xavier\Documents\PSoC Creator\BLE_HID_Keyboard01\BLE_HID_Keyboard01.cydsn\Generated_Source\PSoC4" -- -yv2 -q10 -ygs -o2 -v3 -.fftcfgtype=LE
Elaborating Design...
HDL Generation...
Synthesis...
Tech Mapping...
Analog Placement...
Analog Routing...
Analog Code Generation...
Digital Placement...
Digital Routing...
Bitstream Generation...
Bitstream Verification...
Static timing analysis...
API Generation...
Dependency Generation...
Cleanup...
arm-none-eabi-gcc.exe -mcpu=cortex-m0 -mthumb -I. -IGenerated_Source\PSoC4 -Wa,-alh=.\CortexM0\ARM_GCC_541\Release/BLE_gatt.lst -g -D NDEBUG -Wall -ffunction-sections -ffat-lto-objects -Os -c Generated_Source\PSoC4\BLE_gatt.c -o .\CortexM0\ARM_GCC_541\Release\BLE_gatt.o
arm-none-eabi-ar.exe -rs .\CortexM0\ARM_GCC_541\Release\BLE_HID_Keyboard01.a .\CortexM0\ARM_GCC_541\Release\BLE_bas.o .\CortexM0\ARM_GCC_541\Release\BLE.o .\CortexM0\ARM_GCC_541\Release\BLE_gatt.o .\CortexM0\ARM_GCC_541\Release\BLE_eventHandler.o .\CortexM0\ARM_GCC_541\Release\BLE_hids.o .\CortexM0\ARM_GCC_541\Release\BLE_HAL_INT.o .\CortexM0\ARM_GCC_541\Release\BLE_HAL_PVT.o .\CortexM0\ARM_GCC_541\Release\BLE_scps.o .\CortexM0\ARM_GCC_541\Release\BLE_dis.o .\CortexM0\ARM_GCC_541\Release\WDT_Interrupt.o .\CortexM0\ARM_GCC_541\Release\Advertising_LED.o .\CortexM0\ARM_GCC_541\Release\Advertising_LED_PM.o .\CortexM0\ARM_GCC_541\Release\CapsLock_LED.o .\CortexM0\ARM_GCC_541\Release\CapsLock_LED_PM.o .\CortexM0\ARM_GCC_541\Release\Disconnect_LED.o .\CortexM0\ARM_GCC_541\Release\Disconnect_LED_PM.o .\CortexM0\ARM_GCC_541\Release\SW2.o .\CortexM0\ARM_GCC_541\Release\SW2_PM.o .\CortexM0\ARM_GCC_541\Release\Wakeup_Interrupt.o .\CortexM0\ARM_GCC_541\Release\ADC.o .\CortexM0\ARM_GCC_541\Release\ADC_PM.o .\CortexM0\ARM_GCC_541\Release\ADC_INT.o .\CortexM0\ARM_GCC_541\Release\Vref.o .\CortexM0\ARM_GCC_541\Release\Vref_PM.o .\CortexM0\ARM_GCC_541\Release\BLE_bless_isr.o .\CortexM0\ARM_GCC_541\Release\ADC_IRQ.o .\CortexM0\ARM_GCC_541\Release\ADC_intClock.o .\CortexM0\ARM_GCC_541\Release\CyFlash.o .\CortexM0\ARM_GCC_541\Release\CyLib.o .\CortexM0\ARM_GCC_541\Release\cyPm.o .\CortexM0\ARM_GCC_541\Release\cyutils.o .\CortexM0\ARM_GCC_541\Release\CyLFClk.o .\CortexM0\ARM_GCC_541\Release\cy_em_eeprom.o .\CortexM0\ARM_GCC_541\Release\UART_DEB.o .\CortexM0\ARM_GCC_541\Release\UART_DEB_SPI_UART.o .\CortexM0\ARM_GCC_541\Release\UART_DEB_SPI_UART_INT.o .\CortexM0\ARM_GCC_541\Release\UART_DEB_PM.o .\CortexM0\ARM_GCC_541\Release\UART_DEB_UART.o .\CortexM0\ARM_GCC_541\Release\UART_DEB_BOOT.o .\CortexM0\ARM_GCC_541\Release\UART_DEB_UART_BOOT.o .\CortexM0\ARM_GCC_541\Release\UART_DEB_SCBCLK.o .\CortexM0\ARM_GCC_541\Release\UART_DEB_tx.o .\CortexM0\ARM_GCC_541\Release\UART_DEB_tx_PM.o .\CortexM0\ARM_GCC_541\Release\UART_DEB_rx.o .\CortexM0\ARM_GCC_541\Release\UART_DEB_rx_PM.o .\CortexM0\ARM_GCC_541\Release\Buttons.o .\CortexM0\ARM_GCC_541\Release\Buttons_PM.o .\CortexM0\ARM_GCC_541\Release\CyBootAsmGnu.o
arm-none-eabi-ar.exe: creating .\CortexM0\ARM_GCC_541\Release\BLE_HID_Keyboard01.a
arm-none-eabi-gcc.exe -Wl,--start-group -o "C:\Users\Xavier\Documents\PSoC Creator\BLE_HID_Keyboard01\BLE_HID_Keyboard01.cydsn\CortexM0\ARM_GCC_541\Release\BLE_HID_Keyboard01.elf" .\CortexM0\ARM_GCC_541\Release\main.o .\CortexM0\ARM_GCC_541\Release\bas.o .\CortexM0\ARM_GCC_541\Release\debug.o .\CortexM0\ARM_GCC_541\Release\hids.o .\CortexM0\ARM_GCC_541\Release\scps.o .\CortexM0\ARM_GCC_541\Release\cyfitter_cfg.o .\CortexM0\ARM_GCC_541\Release\cymetadata.o .\CortexM0\ARM_GCC_541\Release\Cm0Start.o .\CortexM0\ARM_GCC_541\Release\BLE_HID_Keyboard01.a "C:\Program Files (x86)\Cypress\PSoC Creator\4.4\PSoC Creator\psoc\content\CyComponentLibrary\CyComponentLibrary.cylib\BLE_v3_30\Library\gccCyBLEStack_BLE_SOC_PERIPHERAL.a" -mcpu=cortex-m0 -mthumb -L Generated_Source\PSoC4 -Wl,-Map,.\CortexM0\ARM_GCC_541\Release/BLE_HID_Keyboard01.map -T Generated_Source\PSoC4\cm0gcc.ld -specs=nano.specs -Wl,--gc-sections -g -ffunction-sections -Os -ffat-lto-objects -Wl,--end-group
cyelftool.exe -C "C:\Users\Xavier\Documents\PSoC Creator\BLE_HID_Keyboard01\BLE_HID_Keyboard01.cydsn\CortexM0\ARM_GCC_541\Release\BLE_HID_Keyboard01.elf" --flash_row_size 128 --flash_size 131072 --flash_offset 0x00000000
No ELF section .cychecksum found, creating one
Application checksum calculated and stored in ELF section .cychecksum
Checksum calculated and stored in ELF section .cymeta
cyelftool.exe -S "C:\Users\Xavier\Documents\PSoC Creator\BLE_HID_Keyboard01\BLE_HID_Keyboard01.cydsn\CortexM0\ARM_GCC_541\Release\BLE_HID_Keyboard01.elf"
Flash used: 86176 of 131072 bytes (65.7%).
SRAM used: 12064 of 16384 bytes (73.6%). Stack: 2048 bytes. Heap: 1024 bytes.
--------------- Build Succeeded: 07/04/2023 00:18:23 ---------------
