ARM GAS  C:\Users\Xavier\AppData\Local\Temp\cc7lMtPb.s 			page 1


   1              		.syntax unified
   2              		.cpu cortex-m0
   3              		.fpu softvfp
   4              		.eabi_attribute 20, 1
   5              		.eabi_attribute 21, 1
   6              		.eabi_attribute 23, 3
   7              		.eabi_attribute 24, 1
   8              		.eabi_attribute 25, 1
   9              		.eabi_attribute 26, 1
  10              		.eabi_attribute 30, 4
  11              		.eabi_attribute 34, 0
  12              		.eabi_attribute 18, 4
  13              		.thumb
  14              		.syntax unified
  15              		.file	"debug.c"
  16              		.text
  17              	.Ltext0:
  18              		.cfi_sections	.debug_frame
  19              		.section	.text.ShowValue,"ax",%progbits
  20              		.align	1
  21              		.global	ShowValue
  22              		.code	16
  23              		.thumb_func
  24              		.type	ShowValue, %function
  25              	ShowValue:
  26              	.LFB36:
  27              		.file 1 "debug.c"
   1:debug.c       **** /*******************************************************************************
   2:debug.c       **** * File Name: debug.c
   3:debug.c       **** *
   4:debug.c       **** * Version: 1.0
   5:debug.c       **** *
   6:debug.c       **** * Description:
   7:debug.c       **** *  This file contains functions for printf functionality.
   8:debug.c       **** *
   9:debug.c       **** * Hardware Dependency:
  10:debug.c       **** *  CY8CKIT-042 BLE
  11:debug.c       **** * 
  12:debug.c       **** ********************************************************************************
  13:debug.c       **** * Copyright 2016, Cypress Semiconductor Corporation.  All rights reserved.
  14:debug.c       **** * You may use this file only in accordance with the license, terms, conditions,
  15:debug.c       **** * disclaimers, and limitations in the end user license agreement accompanying
  16:debug.c       **** * the software package with which this file was provided.
  17:debug.c       **** *******************************************************************************/
  18:debug.c       **** 
  19:debug.c       **** #include "common.h"
  20:debug.c       **** 
  21:debug.c       **** #if (DEBUG_UART_ENABLED == ENABLED)
  22:debug.c       **** 
  23:debug.c       **** #if defined(__ARMCC_VERSION)
  24:debug.c       ****     
  25:debug.c       **** /* For MDK/RVDS compiler revise fputc function for printf functionality */
  26:debug.c       **** struct __FILE 
  27:debug.c       **** {
  28:debug.c       ****     int handle;  
  29:debug.c       **** };
  30:debug.c       **** 
ARM GAS  C:\Users\Xavier\AppData\Local\Temp\cc7lMtPb.s 			page 2


  31:debug.c       **** enum 
  32:debug.c       **** {
  33:debug.c       ****     STDIN_HANDLE,
  34:debug.c       ****     STDOUT_HANDLE,
  35:debug.c       ****     STDERR_HANDLE
  36:debug.c       **** };
  37:debug.c       **** 
  38:debug.c       **** FILE __stdin = {STDIN_HANDLE};
  39:debug.c       **** FILE __stdout = {STDOUT_HANDLE};
  40:debug.c       **** FILE __stderr = {STDERR_HANDLE};
  41:debug.c       **** 
  42:debug.c       **** int fputc(int ch, FILE *file) 
  43:debug.c       **** {
  44:debug.c       ****     int ret = EOF;
  45:debug.c       **** 
  46:debug.c       ****     switch( file->handle )
  47:debug.c       ****     {
  48:debug.c       ****         case STDOUT_HANDLE:
  49:debug.c       ****             UART_DEB_UartPutChar(ch);
  50:debug.c       ****             ret = ch ;
  51:debug.c       ****             break ;
  52:debug.c       **** 
  53:debug.c       ****         case STDERR_HANDLE:
  54:debug.c       ****             ret = ch ;
  55:debug.c       ****             break ;
  56:debug.c       **** 
  57:debug.c       ****         default:
  58:debug.c       ****             file = file;
  59:debug.c       ****             break ;
  60:debug.c       ****     }
  61:debug.c       ****     return ret ;
  62:debug.c       **** }
  63:debug.c       **** 
  64:debug.c       **** #elif defined (__ICCARM__)      /* IAR */
  65:debug.c       **** 
  66:debug.c       **** /* For IAR compiler revise __write() function for printf functionality */
  67:debug.c       **** size_t __write(int handle, const unsigned char * buffer, size_t size)
  68:debug.c       **** {
  69:debug.c       ****     size_t nChars = 0;
  70:debug.c       **** 
  71:debug.c       ****     if (buffer == 0)
  72:debug.c       ****     {
  73:debug.c       ****         /*
  74:debug.c       ****          * This means that we should flush internal buffers.  Since we
  75:debug.c       ****          * don't we just return.  (Remember, "handle" == -1 means that all
  76:debug.c       ****          * handles should be flushed.)
  77:debug.c       ****          */
  78:debug.c       ****         return (0);
  79:debug.c       ****     }
  80:debug.c       **** 
  81:debug.c       ****     for (/* Empty */; size != 0; --size)
  82:debug.c       ****     {
  83:debug.c       ****         UART_DEB_UartPutChar(*buffer++);
  84:debug.c       ****         ++nChars;
  85:debug.c       ****     }
  86:debug.c       **** 
  87:debug.c       ****     return (nChars);
ARM GAS  C:\Users\Xavier\AppData\Local\Temp\cc7lMtPb.s 			page 3


  88:debug.c       **** }
  89:debug.c       **** 
  90:debug.c       **** #else  /* (__GNUC__)  GCC */
  91:debug.c       **** 
  92:debug.c       **** /* For GCC compiler revise _write() function for printf functionality */
  93:debug.c       **** int _write(int file, char *ptr, int len)
  94:debug.c       **** {
  95:debug.c       ****     int i;
  96:debug.c       ****     file = file;
  97:debug.c       ****     for (i = 0; i < len; i++)
  98:debug.c       ****     {
  99:debug.c       ****         UART_DEB_UartPutChar(*ptr++);
 100:debug.c       ****     }
 101:debug.c       ****     return len;
 102:debug.c       **** }
 103:debug.c       **** 
 104:debug.c       **** 
 105:debug.c       **** #endif  /* (__ARMCC_VERSION) */   
 106:debug.c       **** 
 107:debug.c       **** #endif /* DEBUG_UART_ENABLED == ENABLED */
 108:debug.c       **** 
 109:debug.c       **** void ShowValue(CYBLE_GATT_VALUE_T *value)
 110:debug.c       **** {
  28              		.loc 1 110 0
  29              		.cfi_startproc
  30              		@ args = 0, pretend = 0, frame = 0
  31              		@ frame_needed = 0, uses_anonymous_args = 0
  32              		@ link register save eliminated.
  33              	.LVL0:
 111:debug.c       ****     int16 i;
 112:debug.c       ****     
 113:debug.c       ****     for(i = 0; i < value->len; i++)
  34              		.loc 1 113 0
  35 0000 0023     		movs	r3, #0
  36 0002 8288     		ldrh	r2, [r0, #4]
  37              	.LVL1:
  38              	.L2:
  39              		.loc 1 113 0 is_stmt 0 discriminator 1
  40 0004 9342     		cmp	r3, r2
  41 0006 02DA     		bge	.L5
  42 0008 0133     		adds	r3, r3, #1
  43              	.LVL2:
  44 000a 1BB2     		sxth	r3, r3
  45              	.LVL3:
  46 000c FAE7     		b	.L2
  47              	.L5:
 114:debug.c       ****     {
 115:debug.c       ****         DBG_PRINTF("%2.2x ", value->val[i]);
 116:debug.c       ****     }
 117:debug.c       ****     DBG_PRINTF("\r\n");
 118:debug.c       **** }
  48              		.loc 1 118 0 is_stmt 1
  49              		@ sp needed
  50 000e 7047     		bx	lr
  51              		.cfi_endproc
  52              	.LFE36:
  53              		.size	ShowValue, .-ShowValue
ARM GAS  C:\Users\Xavier\AppData\Local\Temp\cc7lMtPb.s 			page 4


  54              		.section	.text.Set32ByPtr,"ax",%progbits
  55              		.align	1
  56              		.global	Set32ByPtr
  57              		.code	16
  58              		.thumb_func
  59              		.type	Set32ByPtr, %function
  60              	Set32ByPtr:
  61              	.LFB37:
 119:debug.c       **** 
 120:debug.c       **** 
 121:debug.c       **** void Set32ByPtr(uint8 ptr[], uint32 value)
 122:debug.c       **** {
  62              		.loc 1 122 0
  63              		.cfi_startproc
  64              		@ args = 0, pretend = 0, frame = 0
  65              		@ frame_needed = 0, uses_anonymous_args = 0
  66              		@ link register save eliminated.
  67              	.LVL4:
 123:debug.c       ****     ptr[0u] = (uint8) value;
 124:debug.c       ****     ptr[1u] = (uint8) (value >> 8u);    
  68              		.loc 1 124 0
  69 0000 0B0A     		lsrs	r3, r1, #8
 123:debug.c       ****     ptr[0u] = (uint8) value;
  70              		.loc 1 123 0
  71 0002 0170     		strb	r1, [r0]
  72              		.loc 1 124 0
  73 0004 4370     		strb	r3, [r0, #1]
 125:debug.c       ****     ptr[2u] = (uint8) (value >> 16u);    
  74              		.loc 1 125 0
  75 0006 0B0C     		lsrs	r3, r1, #16
 126:debug.c       ****     ptr[3u] = (uint8) (value >> 24u);
  76              		.loc 1 126 0
  77 0008 090E     		lsrs	r1, r1, #24
  78              	.LVL5:
 125:debug.c       ****     ptr[2u] = (uint8) (value >> 16u);    
  79              		.loc 1 125 0
  80 000a 8370     		strb	r3, [r0, #2]
  81              		.loc 1 126 0
  82 000c C170     		strb	r1, [r0, #3]
 127:debug.c       **** }
  83              		.loc 1 127 0
  84              		@ sp needed
  85 000e 7047     		bx	lr
  86              		.cfi_endproc
  87              	.LFE37:
  88              		.size	Set32ByPtr, .-Set32ByPtr
  89              		.section	.text.ShowError,"ax",%progbits
  90              		.align	1
  91              		.global	ShowError
  92              		.code	16
  93              		.thumb_func
  94              		.type	ShowError, %function
  95              	ShowError:
  96              	.LFB38:
 128:debug.c       **** 
 129:debug.c       **** 
 130:debug.c       **** /*******************************************************************************
ARM GAS  C:\Users\Xavier\AppData\Local\Temp\cc7lMtPb.s 			page 5


 131:debug.c       **** * Function Name: ShowError()
 132:debug.c       **** ********************************************************************************
 133:debug.c       **** *
 134:debug.c       **** * Summary:
 135:debug.c       **** *   Shows error condition: Turn On all leds - white colour will indicate error.
 136:debug.c       **** *
 137:debug.c       **** *******************************************************************************/
 138:debug.c       **** void ShowError(void)
 139:debug.c       **** {
  97              		.loc 1 139 0
  98              		.cfi_startproc
  99              		@ args = 0, pretend = 0, frame = 0
 100              		@ frame_needed = 0, uses_anonymous_args = 0
 101 0000 10B5     		push	{r4, lr}
 102              		.cfi_def_cfa_offset 8
 103              		.cfi_offset 4, -8
 104              		.cfi_offset 14, -4
 140:debug.c       ****     Disconnect_LED_Write(LED_ON);
 105              		.loc 1 140 0
 106 0002 0020     		movs	r0, #0
 107 0004 FFF7FEFF 		bl	Disconnect_LED_Write
 108              	.LVL6:
 141:debug.c       ****     Advertising_LED_Write(LED_ON);
 109              		.loc 1 141 0
 110 0008 0020     		movs	r0, #0
 111 000a FFF7FEFF 		bl	Advertising_LED_Write
 112              	.LVL7:
 142:debug.c       ****     CapsLock_LED_Write(LED_ON);
 113              		.loc 1 142 0
 114 000e 0020     		movs	r0, #0
 115 0010 FFF7FEFF 		bl	CapsLock_LED_Write
 116              	.LVL8:
 143:debug.c       ****     /* Halt CPU in Debug mode */
 144:debug.c       ****     CYASSERT(0u != 0u);
 145:debug.c       **** }
 117              		.loc 1 145 0
 118              		@ sp needed
 119 0014 10BD     		pop	{r4, pc}
 120              		.cfi_endproc
 121              	.LFE38:
 122              		.size	ShowError, .-ShowError
 123              		.text
 124              	.Letext0:
 125              		.file 2 "Generated_Source\\PSoC4/cytypes.h"
 126              		.file 3 "Generated_Source\\PSoC4/BLE_StackGatt.h"
 127              		.file 4 "Generated_Source\\PSoC4/Disconnect_LED.h"
 128              		.file 5 "Generated_Source\\PSoC4/Advertising_LED.h"
 129              		.file 6 "Generated_Source\\PSoC4/CapsLock_LED.h"
 130              		.section	.debug_info,"",%progbits
 131              	.Ldebug_info0:
 132 0000 D2010000 		.4byte	0x1d2
 133 0004 0400     		.2byte	0x4
 134 0006 00000000 		.4byte	.Ldebug_abbrev0
 135 000a 04       		.byte	0x4
 136 000b 01       		.uleb128 0x1
 137 000c A0010000 		.4byte	.LASF27
 138 0010 0C       		.byte	0xc
ARM GAS  C:\Users\Xavier\AppData\Local\Temp\cc7lMtPb.s 			page 6


 139 0011 D3000000 		.4byte	.LASF28
 140 0015 2D000000 		.4byte	.LASF29
 141 0019 00000000 		.4byte	.Ldebug_ranges0+0
 142 001d 00000000 		.4byte	0
 143 0021 00000000 		.4byte	.Ldebug_line0
 144 0025 02       		.uleb128 0x2
 145 0026 01       		.byte	0x1
 146 0027 06       		.byte	0x6
 147 0028 8A010000 		.4byte	.LASF0
 148 002c 02       		.uleb128 0x2
 149 002d 01       		.byte	0x1
 150 002e 08       		.byte	0x8
 151 002f A7000000 		.4byte	.LASF1
 152 0033 02       		.uleb128 0x2
 153 0034 02       		.byte	0x2
 154 0035 05       		.byte	0x5
 155 0036 54010000 		.4byte	.LASF2
 156 003a 02       		.uleb128 0x2
 157 003b 02       		.byte	0x2
 158 003c 07       		.byte	0x7
 159 003d 0F000000 		.4byte	.LASF3
 160 0041 02       		.uleb128 0x2
 161 0042 04       		.byte	0x4
 162 0043 05       		.byte	0x5
 163 0044 06000000 		.4byte	.LASF4
 164 0048 02       		.uleb128 0x2
 165 0049 04       		.byte	0x4
 166 004a 07       		.byte	0x7
 167 004b BB000000 		.4byte	.LASF5
 168 004f 02       		.uleb128 0x2
 169 0050 08       		.byte	0x8
 170 0051 05       		.byte	0x5
 171 0052 46010000 		.4byte	.LASF6
 172 0056 02       		.uleb128 0x2
 173 0057 08       		.byte	0x8
 174 0058 07       		.byte	0x7
 175 0059 90000000 		.4byte	.LASF7
 176 005d 03       		.uleb128 0x3
 177 005e 04       		.byte	0x4
 178 005f 05       		.byte	0x5
 179 0060 696E7400 		.ascii	"int\000"
 180 0064 02       		.uleb128 0x2
 181 0065 04       		.byte	0x4
 182 0066 07       		.byte	0x7
 183 0067 18010000 		.4byte	.LASF8
 184 006b 04       		.uleb128 0x4
 185 006c CD000000 		.4byte	.LASF9
 186 0070 02       		.byte	0x2
 187 0071 D201     		.2byte	0x1d2
 188 0073 2C000000 		.4byte	0x2c
 189 0077 04       		.uleb128 0x4
 190 0078 F7000000 		.4byte	.LASF10
 191 007c 02       		.byte	0x2
 192 007d D301     		.2byte	0x1d3
 193 007f 3A000000 		.4byte	0x3a
 194 0083 04       		.uleb128 0x4
 195 0084 FE000000 		.4byte	.LASF11
ARM GAS  C:\Users\Xavier\AppData\Local\Temp\cc7lMtPb.s 			page 7


 196 0088 02       		.byte	0x2
 197 0089 D401     		.2byte	0x1d4
 198 008b 48000000 		.4byte	0x48
 199 008f 04       		.uleb128 0x4
 200 0090 B5000000 		.4byte	.LASF12
 201 0094 02       		.byte	0x2
 202 0095 D601     		.2byte	0x1d6
 203 0097 33000000 		.4byte	0x33
 204 009b 02       		.uleb128 0x2
 205 009c 04       		.byte	0x4
 206 009d 04       		.byte	0x4
 207 009e 8A000000 		.4byte	.LASF13
 208 00a2 02       		.uleb128 0x2
 209 00a3 08       		.byte	0x8
 210 00a4 04       		.byte	0x4
 211 00a5 DB000000 		.4byte	.LASF14
 212 00a9 02       		.uleb128 0x2
 213 00aa 01       		.byte	0x1
 214 00ab 08       		.byte	0x8
 215 00ac 38010000 		.4byte	.LASF15
 216 00b0 02       		.uleb128 0x2
 217 00b1 08       		.byte	0x8
 218 00b2 04       		.byte	0x4
 219 00b3 7E010000 		.4byte	.LASF16
 220 00b7 02       		.uleb128 0x2
 221 00b8 04       		.byte	0x4
 222 00b9 07       		.byte	0x7
 223 00ba 3D010000 		.4byte	.LASF17
 224 00be 05       		.uleb128 0x5
 225 00bf 04       		.byte	0x4
 226 00c0 6B000000 		.4byte	0x6b
 227 00c4 06       		.uleb128 0x6
 228 00c5 08       		.byte	0x8
 229 00c6 03       		.byte	0x3
 230 00c7 BE01     		.2byte	0x1be
 231 00c9 F5000000 		.4byte	0xf5
 232 00cd 07       		.uleb128 0x7
 233 00ce 76616C00 		.ascii	"val\000"
 234 00d2 03       		.byte	0x3
 235 00d3 C101     		.2byte	0x1c1
 236 00d5 BE000000 		.4byte	0xbe
 237 00d9 00       		.byte	0
 238 00da 07       		.uleb128 0x7
 239 00db 6C656E00 		.ascii	"len\000"
 240 00df 03       		.byte	0x3
 241 00e0 C401     		.2byte	0x1c4
 242 00e2 77000000 		.4byte	0x77
 243 00e6 04       		.byte	0x4
 244 00e7 08       		.uleb128 0x8
 245 00e8 96010000 		.4byte	.LASF18
 246 00ec 03       		.byte	0x3
 247 00ed CB01     		.2byte	0x1cb
 248 00ef 77000000 		.4byte	0x77
 249 00f3 06       		.byte	0x6
 250 00f4 00       		.byte	0
 251 00f5 04       		.uleb128 0x4
 252 00f6 05010000 		.4byte	.LASF19
ARM GAS  C:\Users\Xavier\AppData\Local\Temp\cc7lMtPb.s 			page 8


 253 00fa 03       		.byte	0x3
 254 00fb CD01     		.2byte	0x1cd
 255 00fd C4000000 		.4byte	0xc4
 256 0101 05       		.uleb128 0x5
 257 0102 04       		.byte	0x4
 258 0103 F5000000 		.4byte	0xf5
 259 0107 09       		.uleb128 0x9
 260 0108 80000000 		.4byte	.LASF20
 261 010c 01       		.byte	0x1
 262 010d 6D       		.byte	0x6d
 263 010e 00000000 		.4byte	.LFB36
 264 0112 10000000 		.4byte	.LFE36-.LFB36
 265 0116 01       		.uleb128 0x1
 266 0117 9C       		.byte	0x9c
 267 0118 37010000 		.4byte	0x137
 268 011c 0A       		.uleb128 0xa
 269 011d 00000000 		.4byte	.LASF22
 270 0121 01       		.byte	0x1
 271 0122 6D       		.byte	0x6d
 272 0123 01010000 		.4byte	0x101
 273 0127 01       		.uleb128 0x1
 274 0128 50       		.byte	0x50
 275 0129 0B       		.uleb128 0xb
 276 012a 6900     		.ascii	"i\000"
 277 012c 01       		.byte	0x1
 278 012d 6F       		.byte	0x6f
 279 012e 8F000000 		.4byte	0x8f
 280 0132 00000000 		.4byte	.LLST0
 281 0136 00       		.byte	0
 282 0137 09       		.uleb128 0x9
 283 0138 22000000 		.4byte	.LASF21
 284 013c 01       		.byte	0x1
 285 013d 79       		.byte	0x79
 286 013e 00000000 		.4byte	.LFB37
 287 0142 10000000 		.4byte	.LFE37-.LFB37
 288 0146 01       		.uleb128 0x1
 289 0147 9C       		.byte	0x9c
 290 0148 69010000 		.4byte	0x169
 291 014c 0C       		.uleb128 0xc
 292 014d 70747200 		.ascii	"ptr\000"
 293 0151 01       		.byte	0x1
 294 0152 79       		.byte	0x79
 295 0153 BE000000 		.4byte	0xbe
 296 0157 01       		.uleb128 0x1
 297 0158 50       		.byte	0x50
 298 0159 0D       		.uleb128 0xd
 299 015a 00000000 		.4byte	.LASF22
 300 015e 01       		.byte	0x1
 301 015f 79       		.byte	0x79
 302 0160 83000000 		.4byte	0x83
 303 0164 2A000000 		.4byte	.LLST1
 304 0168 00       		.byte	0
 305 0169 09       		.uleb128 0x9
 306 016a 74010000 		.4byte	.LASF23
 307 016e 01       		.byte	0x1
 308 016f 8A       		.byte	0x8a
 309 0170 00000000 		.4byte	.LFB38
ARM GAS  C:\Users\Xavier\AppData\Local\Temp\cc7lMtPb.s 			page 9


 310 0174 16000000 		.4byte	.LFE38-.LFB38
 311 0178 01       		.uleb128 0x1
 312 0179 9C       		.byte	0x9c
 313 017a B4010000 		.4byte	0x1b4
 314 017e 0E       		.uleb128 0xe
 315 017f 08000000 		.4byte	.LVL6
 316 0183 B4010000 		.4byte	0x1b4
 317 0187 91010000 		.4byte	0x191
 318 018b 0F       		.uleb128 0xf
 319 018c 01       		.uleb128 0x1
 320 018d 50       		.byte	0x50
 321 018e 01       		.uleb128 0x1
 322 018f 30       		.byte	0x30
 323 0190 00       		.byte	0
 324 0191 0E       		.uleb128 0xe
 325 0192 0E000000 		.4byte	.LVL7
 326 0196 BF010000 		.4byte	0x1bf
 327 019a A4010000 		.4byte	0x1a4
 328 019e 0F       		.uleb128 0xf
 329 019f 01       		.uleb128 0x1
 330 01a0 50       		.byte	0x50
 331 01a1 01       		.uleb128 0x1
 332 01a2 30       		.byte	0x30
 333 01a3 00       		.byte	0
 334 01a4 10       		.uleb128 0x10
 335 01a5 14000000 		.4byte	.LVL8
 336 01a9 CA010000 		.4byte	0x1ca
 337 01ad 0F       		.uleb128 0xf
 338 01ae 01       		.uleb128 0x1
 339 01af 50       		.byte	0x50
 340 01b0 01       		.uleb128 0x1
 341 01b1 30       		.byte	0x30
 342 01b2 00       		.byte	0
 343 01b3 00       		.byte	0
 344 01b4 11       		.uleb128 0x11
 345 01b5 E2000000 		.4byte	.LASF24
 346 01b9 E2000000 		.4byte	.LASF24
 347 01bd 04       		.byte	0x4
 348 01be 33       		.byte	0x33
 349 01bf 11       		.uleb128 0x11
 350 01c0 5E010000 		.4byte	.LASF25
 351 01c4 5E010000 		.4byte	.LASF25
 352 01c8 05       		.byte	0x5
 353 01c9 33       		.byte	0x33
 354 01ca 11       		.uleb128 0x11
 355 01cb 25010000 		.4byte	.LASF26
 356 01cf 25010000 		.4byte	.LASF26
 357 01d3 06       		.byte	0x6
 358 01d4 33       		.byte	0x33
 359 01d5 00       		.byte	0
 360              		.section	.debug_abbrev,"",%progbits
 361              	.Ldebug_abbrev0:
 362 0000 01       		.uleb128 0x1
 363 0001 11       		.uleb128 0x11
 364 0002 01       		.byte	0x1
 365 0003 25       		.uleb128 0x25
 366 0004 0E       		.uleb128 0xe
ARM GAS  C:\Users\Xavier\AppData\Local\Temp\cc7lMtPb.s 			page 10


 367 0005 13       		.uleb128 0x13
 368 0006 0B       		.uleb128 0xb
 369 0007 03       		.uleb128 0x3
 370 0008 0E       		.uleb128 0xe
 371 0009 1B       		.uleb128 0x1b
 372 000a 0E       		.uleb128 0xe
 373 000b 55       		.uleb128 0x55
 374 000c 17       		.uleb128 0x17
 375 000d 11       		.uleb128 0x11
 376 000e 01       		.uleb128 0x1
 377 000f 10       		.uleb128 0x10
 378 0010 17       		.uleb128 0x17
 379 0011 00       		.byte	0
 380 0012 00       		.byte	0
 381 0013 02       		.uleb128 0x2
 382 0014 24       		.uleb128 0x24
 383 0015 00       		.byte	0
 384 0016 0B       		.uleb128 0xb
 385 0017 0B       		.uleb128 0xb
 386 0018 3E       		.uleb128 0x3e
 387 0019 0B       		.uleb128 0xb
 388 001a 03       		.uleb128 0x3
 389 001b 0E       		.uleb128 0xe
 390 001c 00       		.byte	0
 391 001d 00       		.byte	0
 392 001e 03       		.uleb128 0x3
 393 001f 24       		.uleb128 0x24
 394 0020 00       		.byte	0
 395 0021 0B       		.uleb128 0xb
 396 0022 0B       		.uleb128 0xb
 397 0023 3E       		.uleb128 0x3e
 398 0024 0B       		.uleb128 0xb
 399 0025 03       		.uleb128 0x3
 400 0026 08       		.uleb128 0x8
 401 0027 00       		.byte	0
 402 0028 00       		.byte	0
 403 0029 04       		.uleb128 0x4
 404 002a 16       		.uleb128 0x16
 405 002b 00       		.byte	0
 406 002c 03       		.uleb128 0x3
 407 002d 0E       		.uleb128 0xe
 408 002e 3A       		.uleb128 0x3a
 409 002f 0B       		.uleb128 0xb
 410 0030 3B       		.uleb128 0x3b
 411 0031 05       		.uleb128 0x5
 412 0032 49       		.uleb128 0x49
 413 0033 13       		.uleb128 0x13
 414 0034 00       		.byte	0
 415 0035 00       		.byte	0
 416 0036 05       		.uleb128 0x5
 417 0037 0F       		.uleb128 0xf
 418 0038 00       		.byte	0
 419 0039 0B       		.uleb128 0xb
 420 003a 0B       		.uleb128 0xb
 421 003b 49       		.uleb128 0x49
 422 003c 13       		.uleb128 0x13
 423 003d 00       		.byte	0
ARM GAS  C:\Users\Xavier\AppData\Local\Temp\cc7lMtPb.s 			page 11


 424 003e 00       		.byte	0
 425 003f 06       		.uleb128 0x6
 426 0040 13       		.uleb128 0x13
 427 0041 01       		.byte	0x1
 428 0042 0B       		.uleb128 0xb
 429 0043 0B       		.uleb128 0xb
 430 0044 3A       		.uleb128 0x3a
 431 0045 0B       		.uleb128 0xb
 432 0046 3B       		.uleb128 0x3b
 433 0047 05       		.uleb128 0x5
 434 0048 01       		.uleb128 0x1
 435 0049 13       		.uleb128 0x13
 436 004a 00       		.byte	0
 437 004b 00       		.byte	0
 438 004c 07       		.uleb128 0x7
 439 004d 0D       		.uleb128 0xd
 440 004e 00       		.byte	0
 441 004f 03       		.uleb128 0x3
 442 0050 08       		.uleb128 0x8
 443 0051 3A       		.uleb128 0x3a
 444 0052 0B       		.uleb128 0xb
 445 0053 3B       		.uleb128 0x3b
 446 0054 05       		.uleb128 0x5
 447 0055 49       		.uleb128 0x49
 448 0056 13       		.uleb128 0x13
 449 0057 38       		.uleb128 0x38
 450 0058 0B       		.uleb128 0xb
 451 0059 00       		.byte	0
 452 005a 00       		.byte	0
 453 005b 08       		.uleb128 0x8
 454 005c 0D       		.uleb128 0xd
 455 005d 00       		.byte	0
 456 005e 03       		.uleb128 0x3
 457 005f 0E       		.uleb128 0xe
 458 0060 3A       		.uleb128 0x3a
 459 0061 0B       		.uleb128 0xb
 460 0062 3B       		.uleb128 0x3b
 461 0063 05       		.uleb128 0x5
 462 0064 49       		.uleb128 0x49
 463 0065 13       		.uleb128 0x13
 464 0066 38       		.uleb128 0x38
 465 0067 0B       		.uleb128 0xb
 466 0068 00       		.byte	0
 467 0069 00       		.byte	0
 468 006a 09       		.uleb128 0x9
 469 006b 2E       		.uleb128 0x2e
 470 006c 01       		.byte	0x1
 471 006d 3F       		.uleb128 0x3f
 472 006e 19       		.uleb128 0x19
 473 006f 03       		.uleb128 0x3
 474 0070 0E       		.uleb128 0xe
 475 0071 3A       		.uleb128 0x3a
 476 0072 0B       		.uleb128 0xb
 477 0073 3B       		.uleb128 0x3b
 478 0074 0B       		.uleb128 0xb
 479 0075 27       		.uleb128 0x27
 480 0076 19       		.uleb128 0x19
ARM GAS  C:\Users\Xavier\AppData\Local\Temp\cc7lMtPb.s 			page 12


 481 0077 11       		.uleb128 0x11
 482 0078 01       		.uleb128 0x1
 483 0079 12       		.uleb128 0x12
 484 007a 06       		.uleb128 0x6
 485 007b 40       		.uleb128 0x40
 486 007c 18       		.uleb128 0x18
 487 007d 9742     		.uleb128 0x2117
 488 007f 19       		.uleb128 0x19
 489 0080 01       		.uleb128 0x1
 490 0081 13       		.uleb128 0x13
 491 0082 00       		.byte	0
 492 0083 00       		.byte	0
 493 0084 0A       		.uleb128 0xa
 494 0085 05       		.uleb128 0x5
 495 0086 00       		.byte	0
 496 0087 03       		.uleb128 0x3
 497 0088 0E       		.uleb128 0xe
 498 0089 3A       		.uleb128 0x3a
 499 008a 0B       		.uleb128 0xb
 500 008b 3B       		.uleb128 0x3b
 501 008c 0B       		.uleb128 0xb
 502 008d 49       		.uleb128 0x49
 503 008e 13       		.uleb128 0x13
 504 008f 02       		.uleb128 0x2
 505 0090 18       		.uleb128 0x18
 506 0091 00       		.byte	0
 507 0092 00       		.byte	0
 508 0093 0B       		.uleb128 0xb
 509 0094 34       		.uleb128 0x34
 510 0095 00       		.byte	0
 511 0096 03       		.uleb128 0x3
 512 0097 08       		.uleb128 0x8
 513 0098 3A       		.uleb128 0x3a
 514 0099 0B       		.uleb128 0xb
 515 009a 3B       		.uleb128 0x3b
 516 009b 0B       		.uleb128 0xb
 517 009c 49       		.uleb128 0x49
 518 009d 13       		.uleb128 0x13
 519 009e 02       		.uleb128 0x2
 520 009f 17       		.uleb128 0x17
 521 00a0 00       		.byte	0
 522 00a1 00       		.byte	0
 523 00a2 0C       		.uleb128 0xc
 524 00a3 05       		.uleb128 0x5
 525 00a4 00       		.byte	0
 526 00a5 03       		.uleb128 0x3
 527 00a6 08       		.uleb128 0x8
 528 00a7 3A       		.uleb128 0x3a
 529 00a8 0B       		.uleb128 0xb
 530 00a9 3B       		.uleb128 0x3b
 531 00aa 0B       		.uleb128 0xb
 532 00ab 49       		.uleb128 0x49
 533 00ac 13       		.uleb128 0x13
 534 00ad 02       		.uleb128 0x2
 535 00ae 18       		.uleb128 0x18
 536 00af 00       		.byte	0
 537 00b0 00       		.byte	0
ARM GAS  C:\Users\Xavier\AppData\Local\Temp\cc7lMtPb.s 			page 13


 538 00b1 0D       		.uleb128 0xd
 539 00b2 05       		.uleb128 0x5
 540 00b3 00       		.byte	0
 541 00b4 03       		.uleb128 0x3
 542 00b5 0E       		.uleb128 0xe
 543 00b6 3A       		.uleb128 0x3a
 544 00b7 0B       		.uleb128 0xb
 545 00b8 3B       		.uleb128 0x3b
 546 00b9 0B       		.uleb128 0xb
 547 00ba 49       		.uleb128 0x49
 548 00bb 13       		.uleb128 0x13
 549 00bc 02       		.uleb128 0x2
 550 00bd 17       		.uleb128 0x17
 551 00be 00       		.byte	0
 552 00bf 00       		.byte	0
 553 00c0 0E       		.uleb128 0xe
 554 00c1 898201   		.uleb128 0x4109
 555 00c4 01       		.byte	0x1
 556 00c5 11       		.uleb128 0x11
 557 00c6 01       		.uleb128 0x1
 558 00c7 31       		.uleb128 0x31
 559 00c8 13       		.uleb128 0x13
 560 00c9 01       		.uleb128 0x1
 561 00ca 13       		.uleb128 0x13
 562 00cb 00       		.byte	0
 563 00cc 00       		.byte	0
 564 00cd 0F       		.uleb128 0xf
 565 00ce 8A8201   		.uleb128 0x410a
 566 00d1 00       		.byte	0
 567 00d2 02       		.uleb128 0x2
 568 00d3 18       		.uleb128 0x18
 569 00d4 9142     		.uleb128 0x2111
 570 00d6 18       		.uleb128 0x18
 571 00d7 00       		.byte	0
 572 00d8 00       		.byte	0
 573 00d9 10       		.uleb128 0x10
 574 00da 898201   		.uleb128 0x4109
 575 00dd 01       		.byte	0x1
 576 00de 11       		.uleb128 0x11
 577 00df 01       		.uleb128 0x1
 578 00e0 31       		.uleb128 0x31
 579 00e1 13       		.uleb128 0x13
 580 00e2 00       		.byte	0
 581 00e3 00       		.byte	0
 582 00e4 11       		.uleb128 0x11
 583 00e5 2E       		.uleb128 0x2e
 584 00e6 00       		.byte	0
 585 00e7 3F       		.uleb128 0x3f
 586 00e8 19       		.uleb128 0x19
 587 00e9 3C       		.uleb128 0x3c
 588 00ea 19       		.uleb128 0x19
 589 00eb 6E       		.uleb128 0x6e
 590 00ec 0E       		.uleb128 0xe
 591 00ed 03       		.uleb128 0x3
 592 00ee 0E       		.uleb128 0xe
 593 00ef 3A       		.uleb128 0x3a
 594 00f0 0B       		.uleb128 0xb
ARM GAS  C:\Users\Xavier\AppData\Local\Temp\cc7lMtPb.s 			page 14


 595 00f1 3B       		.uleb128 0x3b
 596 00f2 0B       		.uleb128 0xb
 597 00f3 00       		.byte	0
 598 00f4 00       		.byte	0
 599 00f5 00       		.byte	0
 600              		.section	.debug_loc,"",%progbits
 601              	.Ldebug_loc0:
 602              	.LLST0:
 603 0000 00000000 		.4byte	.LVL0
 604 0004 04000000 		.4byte	.LVL1
 605 0008 0200     		.2byte	0x2
 606 000a 30       		.byte	0x30
 607 000b 9F       		.byte	0x9f
 608 000c 04000000 		.4byte	.LVL1
 609 0010 0A000000 		.4byte	.LVL2
 610 0014 0100     		.2byte	0x1
 611 0016 53       		.byte	0x53
 612 0017 0C000000 		.4byte	.LVL3
 613 001b 10000000 		.4byte	.LFE36
 614 001f 0100     		.2byte	0x1
 615 0021 53       		.byte	0x53
 616 0022 00000000 		.4byte	0
 617 0026 00000000 		.4byte	0
 618              	.LLST1:
 619 002a 00000000 		.4byte	.LVL4
 620 002e 0A000000 		.4byte	.LVL5
 621 0032 0100     		.2byte	0x1
 622 0034 51       		.byte	0x51
 623 0035 0A000000 		.4byte	.LVL5
 624 0039 10000000 		.4byte	.LFE37
 625 003d 0400     		.2byte	0x4
 626 003f F3       		.byte	0xf3
 627 0040 01       		.uleb128 0x1
 628 0041 51       		.byte	0x51
 629 0042 9F       		.byte	0x9f
 630 0043 00000000 		.4byte	0
 631 0047 00000000 		.4byte	0
 632              		.section	.debug_aranges,"",%progbits
 633 0000 2C000000 		.4byte	0x2c
 634 0004 0200     		.2byte	0x2
 635 0006 00000000 		.4byte	.Ldebug_info0
 636 000a 04       		.byte	0x4
 637 000b 00       		.byte	0
 638 000c 0000     		.2byte	0
 639 000e 0000     		.2byte	0
 640 0010 00000000 		.4byte	.LFB36
 641 0014 10000000 		.4byte	.LFE36-.LFB36
 642 0018 00000000 		.4byte	.LFB37
 643 001c 10000000 		.4byte	.LFE37-.LFB37
 644 0020 00000000 		.4byte	.LFB38
 645 0024 16000000 		.4byte	.LFE38-.LFB38
 646 0028 00000000 		.4byte	0
 647 002c 00000000 		.4byte	0
 648              		.section	.debug_ranges,"",%progbits
 649              	.Ldebug_ranges0:
 650 0000 00000000 		.4byte	.LFB36
 651 0004 10000000 		.4byte	.LFE36
ARM GAS  C:\Users\Xavier\AppData\Local\Temp\cc7lMtPb.s 			page 15


 652 0008 00000000 		.4byte	.LFB37
 653 000c 10000000 		.4byte	.LFE37
 654 0010 00000000 		.4byte	.LFB38
 655 0014 16000000 		.4byte	.LFE38
 656 0018 00000000 		.4byte	0
 657 001c 00000000 		.4byte	0
 658              		.section	.debug_line,"",%progbits
 659              	.Ldebug_line0:
 660 0000 DB000000 		.section	.debug_str,"MS",%progbits,1
 660      02009000 
 660      00000201 
 660      FB0E0D00 
 660      01010101 
 661              	.LASF22:
 662 0000 76616C75 		.ascii	"value\000"
 662      6500
 663              	.LASF4:
 664 0006 6C6F6E67 		.ascii	"long int\000"
 664      20696E74 
 664      00
 665              	.LASF3:
 666 000f 73686F72 		.ascii	"short unsigned int\000"
 666      7420756E 
 666      7369676E 
 666      65642069 
 666      6E7400
 667              	.LASF21:
 668 0022 53657433 		.ascii	"Set32ByPtr\000"
 668      32427950 
 668      747200
 669              	.LASF29:
 670 002d 433A5C55 		.ascii	"C:\\Users\\Xavier\\Documents\\PSoC Creator\\BLE_HID"
 670      73657273 
 670      5C586176 
 670      6965725C 
 670      446F6375 
 671 005b 5F4B6579 		.ascii	"_Keyboard01\\BLE_HID_Keyboard01.cydsn\000"
 671      626F6172 
 671      6430315C 
 671      424C455F 
 671      4849445F 
 672              	.LASF20:
 673 0080 53686F77 		.ascii	"ShowValue\000"
 673      56616C75 
 673      6500
 674              	.LASF13:
 675 008a 666C6F61 		.ascii	"float\000"
 675      7400
 676              	.LASF7:
 677 0090 6C6F6E67 		.ascii	"long long unsigned int\000"
 677      206C6F6E 
 677      6720756E 
 677      7369676E 
 677      65642069 
 678              	.LASF1:
 679 00a7 756E7369 		.ascii	"unsigned char\000"
 679      676E6564 
ARM GAS  C:\Users\Xavier\AppData\Local\Temp\cc7lMtPb.s 			page 16


 679      20636861 
 679      7200
 680              	.LASF12:
 681 00b5 696E7431 		.ascii	"int16\000"
 681      3600
 682              	.LASF5:
 683 00bb 6C6F6E67 		.ascii	"long unsigned int\000"
 683      20756E73 
 683      69676E65 
 683      6420696E 
 683      7400
 684              	.LASF9:
 685 00cd 75696E74 		.ascii	"uint8\000"
 685      3800
 686              	.LASF28:
 687 00d3 64656275 		.ascii	"debug.c\000"
 687      672E6300 
 688              	.LASF14:
 689 00db 646F7562 		.ascii	"double\000"
 689      6C6500
 690              	.LASF24:
 691 00e2 44697363 		.ascii	"Disconnect_LED_Write\000"
 691      6F6E6E65 
 691      63745F4C 
 691      45445F57 
 691      72697465 
 692              	.LASF10:
 693 00f7 75696E74 		.ascii	"uint16\000"
 693      313600
 694              	.LASF11:
 695 00fe 75696E74 		.ascii	"uint32\000"
 695      333200
 696              	.LASF19:
 697 0105 4359424C 		.ascii	"CYBLE_GATT_VALUE_T\000"
 697      455F4741 
 697      54545F56 
 697      414C5545 
 697      5F5400
 698              	.LASF8:
 699 0118 756E7369 		.ascii	"unsigned int\000"
 699      676E6564 
 699      20696E74 
 699      00
 700              	.LASF26:
 701 0125 43617073 		.ascii	"CapsLock_LED_Write\000"
 701      4C6F636B 
 701      5F4C4544 
 701      5F577269 
 701      746500
 702              	.LASF15:
 703 0138 63686172 		.ascii	"char\000"
 703      00
 704              	.LASF17:
 705 013d 73697A65 		.ascii	"sizetype\000"
 705      74797065 
 705      00
 706              	.LASF6:
ARM GAS  C:\Users\Xavier\AppData\Local\Temp\cc7lMtPb.s 			page 17


 707 0146 6C6F6E67 		.ascii	"long long int\000"
 707      206C6F6E 
 707      6720696E 
 707      7400
 708              	.LASF2:
 709 0154 73686F72 		.ascii	"short int\000"
 709      7420696E 
 709      7400
 710              	.LASF25:
 711 015e 41647665 		.ascii	"Advertising_LED_Write\000"
 711      72746973 
 711      696E675F 
 711      4C45445F 
 711      57726974 
 712              	.LASF23:
 713 0174 53686F77 		.ascii	"ShowError\000"
 713      4572726F 
 713      7200
 714              	.LASF16:
 715 017e 6C6F6E67 		.ascii	"long double\000"
 715      20646F75 
 715      626C6500 
 716              	.LASF0:
 717 018a 7369676E 		.ascii	"signed char\000"
 717      65642063 
 717      68617200 
 718              	.LASF18:
 719 0196 61637475 		.ascii	"actualLen\000"
 719      616C4C65 
 719      6E00
 720              	.LASF27:
 721 01a0 474E5520 		.ascii	"GNU C11 5.4.1 20160609 (release) [ARM/embedded-5-br"
 721      43313120 
 721      352E342E 
 721      31203230 
 721      31363036 
 722 01d3 616E6368 		.ascii	"anch revision 237715] -mcpu=cortex-m0 -mthumb -g -O"
 722      20726576 
 722      6973696F 
 722      6E203233 
 722      37373135 
 723 0206 73202D66 		.ascii	"s -ffunction-sections -ffat-lto-objects\000"
 723      66756E63 
 723      74696F6E 
 723      2D736563 
 723      74696F6E 
 724              		.ident	"GCC: (GNU Tools for ARM Embedded Processors) 5.4.1 20160609 (release) [ARM/embedded-5-bran
